"../../../Engine/Content/EditorResources/S_TriggerSphere.uasset" 0
"../../../Engine/Content/EditorResources/S_TriggerSphere.uexp" 1
"../../../Engine/Content/EditorResources/S_TriggerCapsule.uasset" 2
"../../../Engine/Content/EditorResources/S_TriggerCapsule.uexp" 3
"../../../Engine/Content/EditorResources/S_TriggerBox.uasset" 4
"../../../Engine/Content/EditorResources/S_TriggerBox.uexp" 5
"../../../Engine/Content/EditorResources/S_Trigger.ubulk" 6
"../../../Engine/Content/EditorResources/S_Trigger.uasset" 7
"../../../Engine/Content/EditorResources/S_Trigger.uexp" 8
"../../../Engine/Content/EditorResources/S_Terrain.ubulk" 9
"../../../Engine/Content/EditorResources/S_Terrain.uasset" 10
"../../../Engine/Content/EditorResources/S_Terrain.uexp" 11
"../../../Engine/Content/EditorResources/S_Solver.ubulk" 12
"../../../Engine/Content/EditorResources/S_Solver.uasset" 13
"../../../Engine/Content/EditorResources/S_Solver.uexp" 14
"../../../Engine/Content/EngineDamageTypes/DmgTypeBP_Environmental.uasset" 15
"../../../Engine/Content/EngineDamageTypes/DmgTypeBP_Environmental.uexp" 16
"../../../Engine/Content/EngineSky/VolumetricClouds/CloudWeatherTexture.uasset" 17
"../../../Engine/Content/EngineSky/VolumetricClouds/CloudWeatherTexture.uexp" 18
"../../../Engine/Content/Functions/Engine_MaterialFunctions02/Utility/MakeFloat2.uasset" 19
"../../../Engine/Content/Functions/Engine_MaterialFunctions02/Utility/MakeFloat2.uexp" 20
"../../../Engine/Content/EngineSky/VolumetricClouds/CloudGradientTexture.uasset" 21
"../../../Engine/Content/EngineSky/VolumetricClouds/CloudGradientTexture.uexp" 22
"../../../Engine/Content/EngineSky/VolumetricClouds/T_NoiseShape64.ubulk" 23
"../../../Engine/Content/EngineSky/VolumetricClouds/T_NoiseShape64.uasset" 24
"../../../Engine/Content/EngineSky/VolumetricClouds/T_NoiseShape64.uexp" 25
"../../../Engine/Content/EngineSky/VolumetricClouds/T_VolumeNoiseShape64.uasset" 26
"../../../Engine/Content/EngineSky/VolumetricClouds/T_VolumeNoiseShape64.uexp" 27
"../../../Engine/Content/EngineSky/VolumetricClouds/T_NoiseErosion.ubulk" 28
"../../../Engine/Content/EngineSky/VolumetricClouds/T_NoiseErosion.uasset" 29
"../../../Engine/Content/EngineSky/VolumetricClouds/T_NoiseErosion.uexp" 30
"../../../Engine/Content/EngineSky/VolumetricClouds/T_VolumeNoiseErosion32.uasset" 31
"../../../Engine/Content/EngineSky/VolumetricClouds/T_VolumeNoiseErosion32.uexp" 32
"../../../Engine/Content/EngineSky/VolumetricClouds/m_SimpleVolumetricCloud.uasset" 33
"../../../Engine/Content/EngineSky/VolumetricClouds/m_SimpleVolumetricCloud.uexp" 34
"../../../Engine/Content/EngineSky/VolumetricClouds/m_SimpleVolumetricCloud_Inst.uasset" 35
"../../../Engine/Content/EngineSky/VolumetricClouds/m_SimpleVolumetricCloud_Inst.uexp" 36
"../../../Engine/Content/Functions/Engine_MaterialFunctions01/Shading/PowerToRoughness.uasset" 37
"../../../Engine/Content/Functions/Engine_MaterialFunctions01/Shading/PowerToRoughness.uexp" 38
"../../../Engine/Content/Functions/Engine_MaterialFunctions01/Shading/ConvertFromDiffSpec.uasset" 39
"../../../Engine/Content/Functions/Engine_MaterialFunctions01/Shading/ConvertFromDiffSpec.uexp" 40
"../../../Engine/Content/EngineSounds/Master.uasset" 41
"../../../Engine/Content/EngineSounds/Master.uexp" 42
"../../../Engine/Content/EngineResources/GradientTexture0.uasset" 43
"../../../Engine/Content/EngineResources/GradientTexture0.uexp" 44
"../../../Engine/Content/EngineResources/DefaultVolumeTexture2D.uasset" 45
"../../../Engine/Content/EngineResources/DefaultVolumeTexture2D.uexp" 46
"../../../Engine/Content/EngineResources/DefaultVolumeTexture.uasset" 47
"../../../Engine/Content/EngineResources/DefaultVolumeTexture.uexp" 48
"../../../Engine/Content/EngineResources/DefaultTextureCube.uasset" 49
"../../../Engine/Content/EngineResources/DefaultTextureCube.uexp" 50
"../../../Engine/Content/EngineResources/DefaultTexture.ubulk" 51
"../../../Engine/Content/EngineResources/DefaultTexture.uasset" 52
"../../../Engine/Content/EngineResources/DefaultTexture.uexp" 53
"../../../Engine/Content/EngineResources/FilmGrains/Marcie_Grain_v3_128_M2_000.uasset" 54
"../../../Engine/Content/EngineResources/FilmGrains/Marcie_Grain_v3_128_M2_000.uexp" 55
"../../../Engine/Content/EngineMeshes/Sphere.uasset" 56
"../../../Engine/Content/EngineMeshes/Sphere.uexp" 57
"../../../Engine/Content/EngineResources/WhiteSquareTexture.uasset" 58
"../../../Engine/Content/EngineResources/WhiteSquareTexture.uexp" 59
"../../../Engine/Content/EngineMaterials/Widget3DPassThrough.uasset" 60
"../../../Engine/Content/EngineMaterials/Widget3DPassThrough.uexp" 61
"../../../Engine/Content/EngineMaterials/Widget3DPassThrough_Translucent.uasset" 62
"../../../Engine/Content/EngineMaterials/Widget3DPassThrough_Translucent.uexp" 63
"../../../Engine/Content/EngineMaterials/Widget3DPassThrough_Translucent_OneSided.uasset" 64
"../../../Engine/Content/EngineMaterials/Widget3DPassThrough_Translucent_OneSided.uexp" 65
"../../../Engine/Content/EngineMaterials/Widget3DPassThrough_Opaque.uasset" 66
"../../../Engine/Content/EngineMaterials/Widget3DPassThrough_Opaque.uexp" 67
"../../../Engine/Content/EngineMaterials/Widget3DPassThrough_Opaque_OneSided.uasset" 68
"../../../Engine/Content/EngineMaterials/Widget3DPassThrough_Opaque_OneSided.uexp" 69
"../../../Engine/Content/EngineMaterials/Widget3DPassThrough_Masked_OneSided.uasset" 70
"../../../Engine/Content/EngineMaterials/Widget3DPassThrough_Masked_OneSided.uexp" 71
"../../../Engine/Content/EngineMaterials/Widget3DPassThrough_Masked.uasset" 72
"../../../Engine/Content/EngineMaterials/Widget3DPassThrough_Masked.uexp" 73
"../../../Engine/Content/EngineMaterials/WeightMapPlaceholderTexture.uasset" 74
"../../../Engine/Content/EngineMaterials/WeightMapPlaceholderTexture.uexp" 75
"../../../Engine/Content/EngineMaterials/RemoveSurfaceMaterial.uasset" 76
"../../../Engine/Content/EngineMaterials/RemoveSurfaceMaterial.uexp" 77
"../../../Engine/Content/EngineMaterials/PreintegratedSkinBRDF.uasset" 78
"../../../Engine/Content/EngineMaterials/PreintegratedSkinBRDF.uexp" 79
"../../../Engine/Content/Functions/Engine_MaterialFunctions02/WorldPositionOffset/CameraOffset.uasset" 80
"../../../Engine/Content/Functions/Engine_MaterialFunctions02/WorldPositionOffset/CameraOffset.uexp" 81
"../../../Engine/Content/EngineMaterials/PhAT_JointLimitMaterial.uasset" 82
"../../../Engine/Content/EngineMaterials/PhAT_JointLimitMaterial.uexp" 83
"../../../Engine/Content/EngineMaterials/InvalidLightmapSettings.ubulk" 84
"../../../Engine/Content/EngineMaterials/InvalidLightmapSettings.uasset" 85
"../../../Engine/Content/EngineMaterials/InvalidLightmapSettings.uexp" 86
"../../../Engine/Content/EngineMaterials/M_InvalidLightmapSettings.uasset" 87
"../../../Engine/Content/EngineMaterials/M_InvalidLightmapSettings.uexp" 88
"../../../Engine/Content/EngineMaterials/MiniFont.uasset" 89
"../../../Engine/Content/EngineMaterials/MiniFont.uexp" 90
"../../../Engine/Content/EngineMaterials/GizmoMaterial.uasset" 91
"../../../Engine/Content/EngineMaterials/GizmoMaterial.uexp" 92
"../../../Engine/Content/EngineMaterials/BaseFlattenEmissiveMap_VT.uasset" 93
"../../../Engine/Content/EngineMaterials/BaseFlattenEmissiveMap_VT.uexp" 94
"../../../Engine/Content/EngineMaterials/BaseFlattenGrayscaleMap_VT.uasset" 95
"../../../Engine/Content/EngineMaterials/BaseFlattenGrayscaleMap_VT.uexp" 96
"../../../Engine/Content/EngineMaterials/BaseFlattenLinearColor_VT.uasset" 97
"../../../Engine/Content/EngineMaterials/BaseFlattenLinearColor_VT.uexp" 98
"../../../Engine/Content/EngineMaterials/Black_1x1_EXR_Texture_VT.uasset" 99
"../../../Engine/Content/EngineMaterials/Black_1x1_EXR_Texture_VT.uexp" 100
"../../../Engine/Content/EngineMaterials/BaseFlattenDiffuseMap_VT.uasset" 101
"../../../Engine/Content/EngineMaterials/BaseFlattenDiffuseMap_VT.uexp" 102
"../../../Engine/Content/EngineMaterials/BaseFlattenNormalMap_VT.uasset" 103
"../../../Engine/Content/EngineMaterials/BaseFlattenNormalMap_VT.uexp" 104
"../../../Engine/Content/EngineMaterials/FlattenMaterial_WS_Normal_VT.uasset" 105
"../../../Engine/Content/EngineMaterials/FlattenMaterial_WS_Normal_VT.uexp" 106
"../../../Engine/Content/EngineMaterials/FlattenMaterial_VT.uasset" 107
"../../../Engine/Content/EngineMaterials/FlattenMaterial_VT.uexp" 108
"../../../Engine/Content/EngineMaterials/BaseFlattenNormalMap.uasset" 109
"../../../Engine/Content/EngineMaterials/BaseFlattenNormalMap.uexp" 110
"../../../Engine/Content/EngineMaterials/BaseFlattenGrayscaleMap.uasset" 111
"../../../Engine/Content/EngineMaterials/BaseFlattenGrayscaleMap.uexp" 112
"../../../Engine/Content/EngineMaterials/BaseFlattenDiffuseMap.uasset" 113
"../../../Engine/Content/EngineMaterials/BaseFlattenDiffuseMap.uexp" 114
"../../../Engine/Content/Functions/Engine_MaterialFunctions02/PivotPainter2/Black_1x1_EXR_Texture.uasset" 115
"../../../Engine/Content/Functions/Engine_MaterialFunctions02/PivotPainter2/Black_1x1_EXR_Texture.uexp" 116
"../../../Engine/Content/EngineMaterials/BaseFlattenEmissiveMap.uasset" 117
"../../../Engine/Content/EngineMaterials/BaseFlattenEmissiveMap.uexp" 118
"../../../Engine/Content/EngineMaterials/BaseFlattenLinearColor.uasset" 119
"../../../Engine/Content/EngineMaterials/BaseFlattenLinearColor.uexp" 120
"../../../Engine/Content/EngineMaterials/FlattenMaterial.uasset" 121
"../../../Engine/Content/EngineMaterials/FlattenMaterial.uexp" 122
"../../../Engine/Content/EngineMaterials/DefaultWhiteGrid_Low.uasset" 123
"../../../Engine/Content/EngineMaterials/DefaultWhiteGrid_Low.uexp" 124
"../../../Engine/Content/EngineMaterials/EmissiveMeshMaterial.uasset" 125
"../../../Engine/Content/EngineMaterials/EmissiveMeshMaterial.uexp" 126
"../../../Engine/Content/EngineMaterials/DefaultWhiteGrid.ubulk" 127
"../../../Engine/Content/EngineMaterials/DefaultWhiteGrid.uasset" 128
"../../../Engine/Content/EngineMaterials/DefaultWhiteGrid.uexp" 129
"../../../Engine/Content/EngineFonts/RobotoDistanceField.uasset" 130
"../../../Engine/Content/EngineFonts/RobotoDistanceField.uexp" 131
"../../../Engine/Content/EngineMaterials/DefaultTextMaterialOpaque.uasset" 132
"../../../Engine/Content/EngineMaterials/DefaultTextMaterialOpaque.uexp" 133
"../../../Engine/Content/EngineMaterials/DefaultDiffuse.ubulk" 134
"../../../Engine/Content/EngineMaterials/DefaultDiffuse.uasset" 135
"../../../Engine/Content/EngineMaterials/DefaultDiffuse.uexp" 136
"../../../Engine/Content/Functions/Engine_MaterialFunctions02/Utility/BreakOutFloat2Components.uasset" 137
"../../../Engine/Content/Functions/Engine_MaterialFunctions02/Utility/BreakOutFloat2Components.uexp" 138
"../../../Engine/Content/EngineMaterials/DefaultPostProcessMaterial.uasset" 139
"../../../Engine/Content/EngineMaterials/DefaultPostProcessMaterial.uexp" 140
"../../../Engine/Content/EngineMaterials/DefaultPhysicalMaterial.uasset" 141
"../../../Engine/Content/EngineMaterials/DefaultPhysicalMaterial.uexp" 142
"../../../Engine/Content/EngineMaterials/DefaultLightFunctionMaterial.uasset" 143
"../../../Engine/Content/EngineMaterials/DefaultLightFunctionMaterial.uexp" 144
"../../../Engine/Content/EngineMaterials/DefaultDestructiblePhysicalMaterial.uasset" 145
"../../../Engine/Content/EngineMaterials/DefaultDestructiblePhysicalMaterial.uexp" 146
"../../../Engine/Content/EngineMaterials/DefaultDeferredDecalMaterial.uasset" 147
"../../../Engine/Content/EngineMaterials/DefaultDeferredDecalMaterial.uexp" 148
"../../../Engine/Content/EngineMaterials/DefaultBokeh.uasset" 149
"../../../Engine/Content/EngineMaterials/DefaultBokeh.uexp" 150
"../../../Engine/Content/EngineMaterials/DefaultBloomKernel.uasset" 151
"../../../Engine/Content/EngineMaterials/DefaultBloomKernel.uexp" 152
"../../../Engine/Content/EngineMaterials/BlueNoise.uasset" 153
"../../../Engine/Content/EngineMaterials/BlueNoise.uexp" 154
"../../../Engine/Content/EngineFonts/Faces/RobotoLight.uexp" 155
"../../../Engine/Content/EngineFonts/Faces/RobotoLight.uasset" 156
"../../../Engine/Content/EngineFonts/Faces/RobotoLight.ufont" 157
"../../../Engine/Content/EngineFonts/Faces/RobotoBold.uexp" 158
"../../../Engine/Content/EngineFonts/Faces/RobotoBold.uasset" 159
"../../../Engine/Content/EngineFonts/Faces/RobotoBold.ufont" 160
"../../../Engine/Content/EngineFonts/Faces/RobotoRegular.uexp" 161
"../../../Engine/Content/EngineFonts/Faces/RobotoRegular.uasset" 162
"../../../Engine/Content/EngineFonts/Faces/RobotoRegular.ufont" 163
"../../../Engine/Content/EngineFonts/Faces/DroidSansFallback.uexp" 164
"../../../Engine/Content/EngineFonts/Faces/DroidSansFallback.uasset" 165
"../../../Engine/Content/EngineFonts/Faces/DroidSansFallback.ufont" 166
"../../../Engine/Content/EngineFonts/Faces/RobotoItalic.uexp" 167
"../../../Engine/Content/EngineFonts/Faces/RobotoItalic.uasset" 168
"../../../Engine/Content/EngineFonts/Faces/RobotoItalic.ufont" 169
"../../../Engine/Content/EngineFonts/Faces/RobotoBoldItalic.uexp" 170
"../../../Engine/Content/EngineFonts/Faces/RobotoBoldItalic.uasset" 171
"../../../Engine/Content/EngineFonts/Faces/RobotoBoldItalic.ufont" 172
"../../../Engine/Content/EngineFonts/Roboto.uasset" 173
"../../../Engine/Content/EngineFonts/Roboto.uexp" 174
"../../../Engine/Content/Functions/Engine_MaterialFunctions02/Utility/CameraDirectionVector.uasset" 175
"../../../Engine/Content/Functions/Engine_MaterialFunctions02/Utility/CameraDirectionVector.uexp" 176
"../../../Engine/Content/EngineDebugMaterials/VolumeToRender.uasset" 177
"../../../Engine/Content/EngineDebugMaterials/VolumeToRender.uexp" 178
"../../../Engine/Content/EngineDebugMaterials/M_VolumeRenderSphereTracePP.uasset" 179
"../../../Engine/Content/EngineDebugMaterials/M_VolumeRenderSphereTracePP.uexp" 180
"../../../Engine/Content/EngineDebugMaterials/M_SimpleUnlitTranslucent.uasset" 181
"../../../Engine/Content/EngineDebugMaterials/M_SimpleUnlitTranslucent.uexp" 182
"../../../Engine/Content/EngineDebugMaterials/DebugMeshMaterial.uasset" 183
"../../../Engine/Content/EngineDebugMaterials/DebugMeshMaterial.uexp" 184
"../../../Engine/Content/EngineDebugMaterials/DebugEditorMaterial.uasset" 185
"../../../Engine/Content/EngineDebugMaterials/DebugEditorMaterial.uexp" 186
"../../../Engine/Content/EditorResources/S_BoxReflectionCapture.uasset" 187
"../../../Engine/Content/EditorResources/S_BoxReflectionCapture.uexp" 188
"../../../Engine/Content/EditorResources/S_Actor.ubulk" 189
"../../../Engine/Content/EditorResources/S_Actor.uasset" 190
"../../../Engine/Content/EditorResources/S_Actor.uexp" 191
"../../../Engine/Content/EditorResources/EmptyActor.uasset" 192
"../../../Engine/Content/EditorResources/EmptyActor.uexp" 193
"../../../Engine/Content/EditorResources/BSPVertex.uasset" 194
"../../../Engine/Content/EditorResources/BSPVertex.uexp" 195
"../../../Engine/Content/EditorResources/SequenceRecorder/RecordingIndicator.uasset" 196
"../../../Engine/Content/EditorResources/SequenceRecorder/RecordingIndicator.uexp" 197
"../../../Engine/Content/EditorResources/SequenceRecorder/Countdown.uasset" 198
"../../../Engine/Content/EditorResources/SequenceRecorder/Countdown.uexp" 199
"../../../Engine/Content/EditorResources/LightIcons/S_LightError.uasset" 200
"../../../Engine/Content/EditorResources/LightIcons/S_LightError.uexp" 201
"../../../Engine/Content/EditorMaterials/Camera/CineMat.uasset" 202
"../../../Engine/Content/EditorMaterials/Camera/CineMat.uexp" 203
"../../../Engine/Content/EditorMaterials/Camera/MI_CineMat_Rig.uasset" 204
"../../../Engine/Content/EditorMaterials/Camera/MI_CineMat_Rig.uexp" 205
"../../../Engine/Content/EditorMeshes/Camera/SM_RailRig_Track.uasset" 206
"../../../Engine/Content/EditorMeshes/Camera/SM_RailRig_Track.uexp" 207
"../../../Engine/Content/EditorMeshes/Camera/SM_RailRig_Mount.uasset" 208
"../../../Engine/Content/EditorMeshes/Camera/SM_RailRig_Mount.uexp" 209
"../../../Engine/Content/EditorMeshes/Camera/SM_CraneRig_Mount.uasset" 210
"../../../Engine/Content/EditorMeshes/Camera/SM_CraneRig_Mount.uexp" 211
"../../../Engine/Content/EditorMeshes/Camera/SM_CraneRig_Body.uasset" 212
"../../../Engine/Content/EditorMeshes/Camera/SM_CraneRig_Body.uexp" 213
"../../../Engine/Content/EditorMeshes/Camera/SM_CraneRig_Base.uasset" 214
"../../../Engine/Content/EditorMeshes/Camera/SM_CraneRig_Base.uexp" 215
"../../../Engine/Content/EditorMeshes/Camera/SM_CraneRig_Arm.uasset" 216
"../../../Engine/Content/EditorMeshes/Camera/SM_CraneRig_Arm.uexp" 217
"../../../Engine/Content/EditorMaterials/PreviewShadowIndicator.ubulk" 218
"../../../Engine/Content/EditorMaterials/PreviewShadowIndicator.uasset" 219
"../../../Engine/Content/EditorMaterials/PreviewShadowIndicator.uexp" 220
"../../../Engine/Content/EditorMaterials/PreviewShadowIndicatorMaterial.uasset" 221
"../../../Engine/Content/EditorMaterials/PreviewShadowIndicatorMaterial.uexp" 222
"../../../Engine/Content/EditorMaterials/MAT_Groups_Visibility.uasset" 223
"../../../Engine/Content/EditorMaterials/MAT_Groups_Visibility.uexp" 224
"../../../Engine/Content/EditorMaterials/MAT_Groups_Toggle.uasset" 225
"../../../Engine/Content/EditorMaterials/MAT_Groups_Toggle.uexp" 226
"../../../Engine/Content/Functions/Engine_MaterialFunctions02/Utility/MakeFloat4.uasset" 227
"../../../Engine/Content/Functions/Engine_MaterialFunctions02/Utility/MakeFloat4.uexp" 228
"../../../Engine/Content/Functions/Engine_MaterialFunctions02/Utility/MakeFloat3.uasset" 229
"../../../Engine/Content/Functions/Engine_MaterialFunctions02/Utility/MakeFloat3.uexp" 230
"../../../Engine/Content/Functions/Engine_MaterialFunctions02/Utility/BreakOutFloat3Components.uasset" 231
"../../../Engine/Content/Functions/Engine_MaterialFunctions02/Utility/BreakOutFloat3Components.uexp" 232
"../../../Engine/Content/EditorMaterials/WorldPartition/WorldPartitionSpatialHashGridPreviewMaterial.uasset" 233
"../../../Engine/Content/EditorMaterials/WorldPartition/WorldPartitionSpatialHashGridPreviewMaterial.uexp" 234
"../../../Engine/Content/EditorMaterials/ParticleSystems/PSysThumbnail_OOD.ubulk" 235
"../../../Engine/Content/EditorMaterials/ParticleSystems/PSysThumbnail_OOD.uasset" 236
"../../../Engine/Content/EditorMaterials/ParticleSystems/PSysThumbnail_OOD.uexp" 237
"../../../Engine/Content/EditorMaterials/ParticleSystems/PSysThumbnail_NoImage.ubulk" 238
"../../../Engine/Content/EditorMaterials/ParticleSystems/PSysThumbnail_NoImage.uasset" 239
"../../../Engine/Content/EditorMaterials/ParticleSystems/PSysThumbnail_NoImage.uexp" 240
"../../../Engine/Content/EditorMaterials/MatineeGroups/MAT_Groups_Vector.uasset" 241
"../../../Engine/Content/EditorMaterials/MatineeGroups/MAT_Groups_Vector.uexp" 242
"../../../Engine/Content/EditorMaterials/MatineeGroups/MAT_Groups_Sound.uasset" 243
"../../../Engine/Content/EditorMaterials/MatineeGroups/MAT_Groups_Sound.uexp" 244
"../../../Engine/Content/EditorMaterials/MatineeGroups/MAT_Groups_Slomo.uasset" 245
"../../../Engine/Content/EditorMaterials/MatineeGroups/MAT_Groups_Slomo.uexp" 246
"../../../Engine/Content/EditorMaterials/MatineeGroups/MAT_Groups_Move.uasset" 247
"../../../Engine/Content/EditorMaterials/MatineeGroups/MAT_Groups_Move.uexp" 248
"../../../Engine/Content/EditorMaterials/MatineeGroups/MAT_Groups_Float.uasset" 249
"../../../Engine/Content/EditorMaterials/MatineeGroups/MAT_Groups_Float.uexp" 250
"../../../Engine/Content/EditorMaterials/MatineeGroups/MAT_Groups_Fade.uasset" 251
"../../../Engine/Content/EditorMaterials/MatineeGroups/MAT_Groups_Fade.uexp" 252
"../../../Engine/Content/EditorMaterials/MatineeGroups/MAT_Groups_Event.uasset" 253
"../../../Engine/Content/EditorMaterials/MatineeGroups/MAT_Groups_Event.uexp" 254
"../../../Engine/Content/EditorMaterials/MatineeGroups/MAT_Groups_Director.uasset" 255
"../../../Engine/Content/EditorMaterials/MatineeGroups/MAT_Groups_Director.uexp" 256
"../../../Engine/Content/EditorMaterials/MatineeGroups/MAT_Groups_AudioMaster.uasset" 257
"../../../Engine/Content/EditorMaterials/MatineeGroups/MAT_Groups_AudioMaster.uexp" 258
"../../../Engine/Content/EditorMaterials/MatineeGroups/MAT_Groups_Anim.uasset" 259
"../../../Engine/Content/EditorMaterials/MatineeGroups/MAT_Groups_Anim.uexp" 260
"../../../Engine/Content/EditorMaterials/MatineeGroups/MAT_ColorTrack.uasset" 261
"../../../Engine/Content/EditorMaterials/MatineeGroups/MAT_ColorTrack.uexp" 262
"../../../Engine/Content/EditorLandscapeResources/DefaultAlphaTexture.uasset" 263
"../../../Engine/Content/EditorLandscapeResources/DefaultAlphaTexture.uexp" 264
"../../../Engine/Content/EditorLandscapeResources/DataLayer.uasset" 265
"../../../Engine/Content/EditorLandscapeResources/DataLayer.uexp" 266
"../../../Engine/Content/EngineMaterials/T_Default_Material_Grid_M.ubulk" 267
"../../../Engine/Content/EngineMaterials/T_Default_Material_Grid_M.uasset" 268
"../../../Engine/Content/EngineMaterials/T_Default_Material_Grid_M.uexp" 269
"../../../Engine/Content/EngineMaterials/T_Default_Material_Grid_N.ubulk" 270
"../../../Engine/Content/EngineMaterials/T_Default_Material_Grid_N.uasset" 271
"../../../Engine/Content/EngineMaterials/T_Default_Material_Grid_N.uexp" 272
"../../../Engine/Content/Functions/Engine_MaterialFunctions01/Opacity/CameraDepthFade.uasset" 273
"../../../Engine/Content/Functions/Engine_MaterialFunctions01/Opacity/CameraDepthFade.uexp" 274
"../../../Engine/Content/EngineMaterials/WorldGridMaterial.uasset" 275
"../../../Engine/Content/EngineMaterials/WorldGridMaterial.uexp" 276
"../../../Engine/Content/ArtTools/RenderToTexture/Meshes/S_1_Unit_Plane.uasset" 277
"../../../Engine/Content/ArtTools/RenderToTexture/Meshes/S_1_Unit_Plane.uexp" 278
"../../../Engine/Content/Tutorial/ContentIntroCurve.uasset" 279
"../../../Engine/Content/Tutorial/ContentIntroCurve.uexp" 280
"../../../Engine/Plugins/2D/Paper2D/Content/PlaceholderTextures/DummySpriteTexture.ubulk" 281
"../../../Engine/Plugins/2D/Paper2D/Content/PlaceholderTextures/DummySpriteTexture.uasset" 282
"../../../Engine/Plugins/2D/Paper2D/Content/PlaceholderTextures/DummySpriteTexture.uexp" 283
"../../../Engine/Plugins/2D/Paper2D/Content/DefaultSpriteMaterial.uasset" 284
"../../../Engine/Plugins/2D/Paper2D/Content/DefaultSpriteMaterial.uexp" 285
"../../../Engine/Plugins/2D/Paper2D/Content/OpaqueUnlitSpriteMaterial.uasset" 286
"../../../Engine/Plugins/2D/Paper2D/Content/OpaqueUnlitSpriteMaterial.uexp" 287
"../../../Engine/Plugins/2D/Paper2D/Content/MaskedUnlitSpriteMaterial.uasset" 288
"../../../Engine/Plugins/2D/Paper2D/Content/MaskedUnlitSpriteMaterial.uexp" 289
"../../../Engine/Plugins/2D/Paper2D/Content/DummySprite.uasset" 290
"../../../Engine/Plugins/2D/Paper2D/Content/DummySprite.uexp" 291
"../../../Engine/Plugins/2D/Paper2D/Content/DefaultPaperTerrainMaterial.uasset" 292
"../../../Engine/Plugins/2D/Paper2D/Content/DefaultPaperTerrainMaterial.uexp" 293
"../../../Engine/Content/VREditor/TransformGizmo/Main.uasset" 294
"../../../Engine/Content/VREditor/TransformGizmo/Main.uexp" 295
"../../../Engine/Content/VREditor/TransformGizmo/Xray.uasset" 296
"../../../Engine/Content/VREditor/TransformGizmo/Xray.uexp" 297
"../../../Engine/Content/VREditor/TransformGizmo/SM_Sequencer_Node.uasset" 298
"../../../Engine/Content/VREditor/TransformGizmo/SM_Sequencer_Node.uexp" 299
"../../../Engine/Plugins/Animation/ControlRig/Content/M_Manip.uasset" 300
"../../../Engine/Plugins/Animation/ControlRig/Content/M_Manip.uexp" 301
"../../../Engine/Plugins/Animation/ControlRig/Content/Controls/DefaultGizmoLibraryNormalized.uasset" 302
"../../../Engine/Plugins/Animation/ControlRig/Content/Controls/DefaultGizmoLibraryNormalized.uexp" 303
"../../../Engine/Plugins/Animation/ControlRig/Content/Controls/ControlRig_Wedge_solid.uasset" 304
"../../../Engine/Plugins/Animation/ControlRig/Content/Controls/ControlRig_Wedge_solid.uexp" 305
"../../../Engine/Plugins/Animation/ControlRig/Content/Controls/ControlRig_Wedge_3mm.uasset" 306
"../../../Engine/Plugins/Animation/ControlRig/Content/Controls/ControlRig_Wedge_3mm.uexp" 307
"../../../Engine/Plugins/Animation/ControlRig/Content/Controls/ControlRig_Wedge_1mm.uasset" 308
"../../../Engine/Plugins/Animation/ControlRig/Content/Controls/ControlRig_Wedge_1mm.uexp" 309
"../../../Engine/Plugins/Animation/ControlRig/Content/Controls/ControlRig_Triangle_solid.uasset" 310
"../../../Engine/Plugins/Animation/ControlRig/Content/Controls/ControlRig_Triangle_solid.uexp" 311
"../../../Engine/Plugins/Animation/ControlRig/Content/Controls/ControlRig_Triangle_3mm.uasset" 312
"../../../Engine/Plugins/Animation/ControlRig/Content/Controls/ControlRig_Triangle_3mm.uexp" 313
"../../../Engine/Plugins/Animation/ControlRig/Content/Controls/ControlRig_Triangle_1mm.uasset" 314
"../../../Engine/Plugins/Animation/ControlRig/Content/Controls/ControlRig_Triangle_1mm.uexp" 315
"../../../Engine/Plugins/Animation/ControlRig/Content/Controls/ControlRig_Star4_solid.uasset" 316
"../../../Engine/Plugins/Animation/ControlRig/Content/Controls/ControlRig_Star4_solid.uexp" 317
"../../../Engine/Plugins/Animation/ControlRig/Content/Controls/ControlRig_Star4_3mm.uasset" 318
"../../../Engine/Plugins/Animation/ControlRig/Content/Controls/ControlRig_Star4_3mm.uexp" 319
"../../../Engine/Plugins/Animation/ControlRig/Content/Controls/ControlRig_Star4_1mm.uasset" 320
"../../../Engine/Plugins/Animation/ControlRig/Content/Controls/ControlRig_Star4_1mm.uexp" 321
"../../../Engine/Plugins/Animation/ControlRig/Content/Controls/ControlRig_Square_solid.uasset" 322
"../../../Engine/Plugins/Animation/ControlRig/Content/Controls/ControlRig_Square_solid.uexp" 323
"../../../Engine/Plugins/Animation/ControlRig/Content/Controls/ControlRig_Square_3mm.uasset" 324
"../../../Engine/Plugins/Animation/ControlRig/Content/Controls/ControlRig_Square_3mm.uexp" 325
"../../../Engine/Plugins/Animation/ControlRig/Content/Controls/ControlRig_Square_1mm.uasset" 326
"../../../Engine/Plugins/Animation/ControlRig/Content/Controls/ControlRig_Square_1mm.uexp" 327
"../../../Engine/Plugins/Animation/ControlRig/Content/Controls/ControlRig_Sphere_solid.uasset" 328
"../../../Engine/Plugins/Animation/ControlRig/Content/Controls/ControlRig_Sphere_solid.uexp" 329
"../../../Engine/Plugins/Animation/ControlRig/Content/Controls/ControlRig_Sphere_3mm.uasset" 330
"../../../Engine/Plugins/Animation/ControlRig/Content/Controls/ControlRig_Sphere_3mm.uexp" 331
"../../../Engine/Plugins/Animation/ControlRig/Content/Controls/ControlRig_Sphere_1mm.uasset" 332
"../../../Engine/Plugins/Animation/ControlRig/Content/Controls/ControlRig_Sphere_1mm.uexp" 333
"../../../Engine/Plugins/Animation/ControlRig/Content/Controls/ControlRig_RoundedTriangle_solid.uasset" 334
"../../../Engine/Plugins/Animation/ControlRig/Content/Controls/ControlRig_RoundedTriangle_solid.uexp" 335
"../../../Engine/Plugins/Animation/ControlRig/Content/Controls/ControlRig_RoundedTriangle_3mm.uasset" 336
"../../../Engine/Plugins/Animation/ControlRig/Content/Controls/ControlRig_RoundedTriangle_3mm.uexp" 337
"../../../Engine/Plugins/Animation/ControlRig/Content/Controls/ControlRig_RoundedTriangle_1mm.uasset" 338
"../../../Engine/Plugins/Animation/ControlRig/Content/Controls/ControlRig_RoundedTriangle_1mm.uexp" 339
"../../../Engine/Plugins/Animation/ControlRig/Content/Controls/ControlRig_RoundedSquare_solid.uasset" 340
"../../../Engine/Plugins/Animation/ControlRig/Content/Controls/ControlRig_RoundedSquare_solid.uexp" 341
"../../../Engine/Plugins/Animation/ControlRig/Content/Controls/ControlRig_RoundedSquare_3mm.uasset" 342
"../../../Engine/Plugins/Animation/ControlRig/Content/Controls/ControlRig_RoundedSquare_3mm.uexp" 343
"../../../Engine/Plugins/Animation/ControlRig/Content/Controls/ControlRig_RoundedSquare_1mm.uasset" 344
"../../../Engine/Plugins/Animation/ControlRig/Content/Controls/ControlRig_RoundedSquare_1mm.uexp" 345
"../../../Engine/Plugins/Animation/ControlRig/Content/Controls/ControlRig_QuarterCircle_solid.uasset" 346
"../../../Engine/Plugins/Animation/ControlRig/Content/Controls/ControlRig_QuarterCircle_solid.uexp" 347
"../../../Engine/Plugins/Runtime/Oculus/OculusVR/Content/Textures/TouchForQuestRiftSController_albedo.ubulk" 348
"../../../Engine/Plugins/Runtime/Oculus/OculusVR/Content/Textures/TouchForQuestRiftSController_albedo.uasset" 349
"../../../Engine/Plugins/Runtime/Oculus/OculusVR/Content/Textures/TouchForQuestRiftSController_albedo.uexp" 350
"../../../Engine/Plugins/Runtime/Oculus/OculusVR/Content/Materials/TouchForQuestRiftSControllerMaterial.uasset" 351
"../../../Engine/Plugins/Runtime/Oculus/OculusVR/Content/Materials/TouchForQuestRiftSControllerMaterial.uexp" 352
"../../../Engine/Plugins/Runtime/Oculus/OculusVR/Content/Meshes/RightTouchForQuestRiftSController.uasset" 353
"../../../Engine/Plugins/Runtime/Oculus/OculusVR/Content/Meshes/RightTouchForQuestRiftSController.uexp" 354
"../../../Engine/Plugins/Runtime/Oculus/OculusVR/Content/Textures/touchController_albedo.ubulk" 355
"../../../Engine/Plugins/Runtime/Oculus/OculusVR/Content/Textures/touchController_albedo.uasset" 356
"../../../Engine/Plugins/Runtime/Oculus/OculusVR/Content/Textures/touchController_albedo.uexp" 357
"../../../Engine/Plugins/Runtime/Oculus/OculusVR/Content/Textures/touchController_controlmap.ubulk" 358
"../../../Engine/Plugins/Runtime/Oculus/OculusVR/Content/Textures/touchController_controlmap.uasset" 359
"../../../Engine/Plugins/Runtime/Oculus/OculusVR/Content/Textures/touchController_controlmap.uexp" 360
"../../../Engine/Plugins/Runtime/Oculus/OculusVR/Content/Materials/touchController_mat.uasset" 361
"../../../Engine/Plugins/Runtime/Oculus/OculusVR/Content/Materials/touchController_mat.uexp" 362
"../../../Engine/Plugins/Runtime/Oculus/OculusVR/Content/Meshes/RightTouchController.uasset" 363
"../../../Engine/Plugins/Runtime/Oculus/OculusVR/Content/Meshes/RightTouchController.uexp" 364
"../../../Engine/Plugins/Runtime/Oculus/OculusVR/Content/Meshes/RiftHMD.uasset" 365
"../../../Engine/Plugins/Runtime/Oculus/OculusVR/Content/Meshes/RiftHMD.uexp" 366
"../../../Engine/Plugins/Runtime/Oculus/OculusVR/Content/Meshes/LeftTouchForQuestRiftSController.uasset" 367
"../../../Engine/Plugins/Runtime/Oculus/OculusVR/Content/Meshes/LeftTouchForQuestRiftSController.uexp" 368
"../../../Engine/Plugins/Runtime/Oculus/OculusVR/Content/Meshes/LeftTouchController.uasset" 369
"../../../Engine/Plugins/Runtime/Oculus/OculusVR/Content/Meshes/LeftTouchController.uexp" 370
"../../../Engine/Plugins/Runtime/Oculus/OculusVR/Content/Materials/PokeAHoleMaterial.uasset" 371
"../../../Engine/Plugins/Runtime/Oculus/OculusVR/Content/Materials/PokeAHoleMaterial.uexp" 372
"../../../Engine/Plugins/Runtime/Oculus/OculusVR/Content/Materials/OculusMR_OpaqueColoredMaterial.uasset" 373
"../../../Engine/Plugins/Runtime/Oculus/OculusVR/Content/Materials/OculusMR_OpaqueColoredMaterial.uexp" 374
"../../../Engine/Content/Functions/Engine_MaterialFunctions02/Utility/BreakOutFloat4Components.uasset" 375
"../../../Engine/Content/Functions/Engine_MaterialFunctions02/Utility/BreakOutFloat4Components.uexp" 376
"../../../Engine/Plugins/Runtime/Oculus/OculusVR/Content/Materials/OculusMR_ChromaKey.uasset" 377
"../../../Engine/Plugins/Runtime/Oculus/OculusVR/Content/Materials/OculusMR_ChromaKey.uexp" 378
"../../../Engine/Content/EngineResources/Black.uasset" 379
"../../../Engine/Content/EngineResources/Black.uexp" 380
"../../../Engine/Plugins/Runtime/OpenXR/Content/Devices/M_XRController.uasset" 381
"../../../Engine/Plugins/Runtime/OpenXR/Content/Devices/M_XRController.uexp" 382
"../../../Engine/Plugins/Runtime/OpenXR/Content/Devices/OculusTouch_v3/MRTexture.ubulk" 383
"../../../Engine/Plugins/Runtime/OpenXR/Content/Devices/OculusTouch_v3/MRTexture.uasset" 384
"../../../Engine/Plugins/Runtime/OpenXR/Content/Devices/OculusTouch_v3/MRTexture.uexp" 385
"../../../Engine/Plugins/Runtime/OpenXR/Content/Devices/OculusTouch_v3/BaseTexture.ubulk" 386
"../../../Engine/Plugins/Runtime/OpenXR/Content/Devices/OculusTouch_v3/BaseTexture.uasset" 387
"../../../Engine/Plugins/Runtime/OpenXR/Content/Devices/OculusTouch_v3/BaseTexture.uexp" 388
"../../../Engine/Plugins/Runtime/OpenXR/Content/Devices/OculusTouch_v3/MI_OculusTouch_v3.uasset" 389
"../../../Engine/Plugins/Runtime/OpenXR/Content/Devices/OculusTouch_v3/MI_OculusTouch_v3.uexp" 390
"../../../Engine/Plugins/Runtime/OpenXR/Content/Devices/OculusTouch_v3/Right/right_OculusTouch_v3Controller.uasset" 391
"../../../Engine/Plugins/Runtime/OpenXR/Content/Devices/OculusTouch_v3/Right/right_OculusTouch_v3Controller.uexp" 392
"../../../Engine/Plugins/Runtime/OpenXR/Content/Devices/OculusTouch_v3/Left/left_OculusTouch_v3Controller.uasset" 393
"../../../Engine/Plugins/Runtime/OpenXR/Content/Devices/OculusTouch_v3/Left/left_OculusTouch_v3Controller.uexp" 394
"../../../Engine/Plugins/Runtime/OpenXR/Content/Devices/OculusTouch/BaseTexture.ubulk" 395
"../../../Engine/Plugins/Runtime/OpenXR/Content/Devices/OculusTouch/BaseTexture.uasset" 396
"../../../Engine/Plugins/Runtime/OpenXR/Content/Devices/OculusTouch/BaseTexture.uexp" 397
"../../../Engine/Plugins/Runtime/OpenXR/Content/Devices/OculusTouch/MRTexture.ubulk" 398
"../../../Engine/Plugins/Runtime/OpenXR/Content/Devices/OculusTouch/MRTexture.uasset" 399
"../../../Engine/Plugins/Runtime/OpenXR/Content/Devices/OculusTouch/MRTexture.uexp" 400
"../../../Engine/Plugins/Runtime/OpenXR/Content/Devices/OculusTouch/MI_OculusTouch.uasset" 401
"../../../Engine/Plugins/Runtime/OpenXR/Content/Devices/OculusTouch/MI_OculusTouch.uexp" 402
"../../../Engine/Plugins/Runtime/OpenXR/Content/Devices/OculusTouch/Right/right_OculusTouchController.uasset" 403
"../../../Engine/Plugins/Runtime/OpenXR/Content/Devices/OculusTouch/Right/right_OculusTouchController.uexp" 404
"../../../Engine/Plugins/Runtime/OpenXR/Content/Devices/OculusTouch/Left/left_OculusTouchController.uasset" 405
"../../../Engine/Plugins/Runtime/OpenXR/Content/Devices/OculusTouch/Left/left_OculusTouchController.uexp" 406
"../../../Engine/Plugins/Runtime/OpenXR/Content/Devices/OculusGo/BaseTexture.ubulk" 407
"../../../Engine/Plugins/Runtime/OpenXR/Content/Devices/OculusGo/BaseTexture.uasset" 408
"../../../Engine/Plugins/Runtime/OpenXR/Content/Devices/OculusGo/BaseTexture.uexp" 409
"../../../Engine/Plugins/Runtime/OpenXR/Content/Devices/OculusGo/MI_OculusGo.uasset" 410
"../../../Engine/Plugins/Runtime/OpenXR/Content/Devices/OculusGo/MI_OculusGo.uexp" 411
"../../../Engine/Plugins/Runtime/OpenXR/Content/Devices/OculusGo/OculusGoController.uasset" 412
"../../../Engine/Plugins/Runtime/OpenXR/Content/Devices/OculusGo/OculusGoController.uexp" 413
"../../../Engine/Plugins/Runtime/OpenXR/Content/Devices/ValveIndex/MRTexture.ubulk" 414
"../../../Engine/Plugins/Runtime/OpenXR/Content/Devices/ValveIndex/MRTexture.uasset" 415
"../../../Engine/Plugins/Runtime/OpenXR/Content/Devices/ValveIndex/MRTexture.uexp" 416
"../../../Engine/Plugins/Runtime/OpenXR/Content/Devices/ValveIndex/BaseTexture.ubulk" 417
"../../../Engine/Plugins/Runtime/OpenXR/Content/Devices/ValveIndex/BaseTexture.uasset" 418
"../../../Engine/Plugins/Runtime/OpenXR/Content/Devices/ValveIndex/BaseTexture.uexp" 419
"../../../Engine/Plugins/Runtime/OpenXR/Content/Devices/ValveIndex/Right/MI_right_ValveIndex.uasset" 420
"../../../Engine/Plugins/Runtime/OpenXR/Content/Devices/ValveIndex/Right/MI_right_ValveIndex.uexp" 421
"../../../Engine/Plugins/Runtime/OpenXR/Content/Devices/ValveIndex/Right/right_ValveIndexController.uasset" 422
"../../../Engine/Plugins/Runtime/OpenXR/Content/Devices/ValveIndex/Right/right_ValveIndexController.uexp" 423
"../../../Engine/Plugins/Runtime/OpenXR/Content/Devices/ValveIndex/Left/MI_left_ValveIndex.uasset" 424
"../../../Engine/Plugins/Runtime/OpenXR/Content/Devices/ValveIndex/Left/MI_left_ValveIndex.uexp" 425
"../../../Engine/Plugins/Runtime/OpenXR/Content/Devices/ValveIndex/Left/left_ValveIndexController.uasset" 426
"../../../Engine/Plugins/Runtime/OpenXR/Content/Devices/ValveIndex/Left/left_ValveIndexController.uexp" 427
"../../../Engine/Plugins/Runtime/OpenXR/Content/Devices/MicrosoftMixedReality/NormalTexture.ubulk" 428
"../../../Engine/Plugins/Runtime/OpenXR/Content/Devices/MicrosoftMixedReality/NormalTexture.uasset" 429
"../../../Engine/Plugins/Runtime/OpenXR/Content/Devices/MicrosoftMixedReality/NormalTexture.uexp" 430
"../../../Engine/Plugins/Runtime/OpenXR/Content/Devices/MicrosoftMixedReality/EmissiveTexture.ubulk" 431
"../../../Engine/Plugins/Runtime/OpenXR/Content/Devices/MicrosoftMixedReality/EmissiveTexture.uasset" 432
"../../../Engine/Plugins/Runtime/OpenXR/Content/Devices/MicrosoftMixedReality/EmissiveTexture.uexp" 433
"../../../Engine/Plugins/Runtime/OpenXR/Content/Devices/MicrosoftMixedReality/BaseTexture.ubulk" 434
"../../../Engine/Plugins/Runtime/OpenXR/Content/Devices/MicrosoftMixedReality/BaseTexture.uasset" 435
"../../../Engine/Plugins/Runtime/OpenXR/Content/Devices/MicrosoftMixedReality/BaseTexture.uexp" 436
"../../../Engine/Plugins/Runtime/OpenXR/Content/Devices/MicrosoftMixedReality/MRTexture.ubulk" 437
"../../../Engine/Plugins/Runtime/OpenXR/Content/Devices/MicrosoftMixedReality/MRTexture.uasset" 438
"../../../Engine/Plugins/Runtime/OpenXR/Content/Devices/MicrosoftMixedReality/MRTexture.uexp" 439
"../../../Engine/Plugins/Runtime/OpenXR/Content/Devices/MicrosoftMixedReality/MI_MicrosoftMixedReality.uasset" 440
"../../../Engine/Plugins/Runtime/OpenXR/Content/Devices/MicrosoftMixedReality/MI_MicrosoftMixedReality.uexp" 441
"../../../Engine/Plugins/Runtime/OpenXR/Content/Devices/MicrosoftMixedReality/Right/right_MicrosoftMixedRealityController.uasset" 442
"../../../Engine/Plugins/Runtime/OpenXR/Content/Devices/MicrosoftMixedReality/Right/right_MicrosoftMixedRealityController.uexp" 443
"../../../Engine/Plugins/Runtime/OpenXR/Content/Devices/MicrosoftMixedReality/Left/left_MicrosoftMixedRealityController.uasset" 444
"../../../Engine/Plugins/Runtime/OpenXR/Content/Devices/MicrosoftMixedReality/Left/left_MicrosoftMixedRealityController.uexp" 445
"../../../Engine/Plugins/Runtime/OpenXR/Content/Devices/HTCVive/BaseTexture.ubulk" 446
"../../../Engine/Plugins/Runtime/OpenXR/Content/Devices/HTCVive/BaseTexture.uasset" 447
"../../../Engine/Plugins/Runtime/OpenXR/Content/Devices/HTCVive/BaseTexture.uexp" 448
"../../../Engine/Plugins/Runtime/OpenXR/Content/Devices/HTCVive/MI_HTCVive.uasset" 449
"../../../Engine/Plugins/Runtime/OpenXR/Content/Devices/HTCVive/MI_HTCVive.uexp" 450
"../../../Engine/Plugins/Runtime/OpenXR/Content/Devices/HTCVive/HTCViveController.uasset" 451
"../../../Engine/Plugins/Runtime/OpenXR/Content/Devices/HTCVive/HTCViveController.uexp" 452
"../../../Engine/Plugins/Runtime/HairStrands/Content/Materials/HairMeshesDefaultMaterial.uasset" 453
"../../../Engine/Plugins/Runtime/HairStrands/Content/Materials/HairMeshesDefaultMaterial.uexp" 454
"../../../Engine/Plugins/Runtime/HairStrands/Content/Materials/HairDefaultMaterial.uasset" 455
"../../../Engine/Plugins/Runtime/HairStrands/Content/Materials/HairDefaultMaterial.uexp" 456
"../../../Engine/Plugins/Runtime/HairStrands/Content/Materials/HairGroupColors.uasset" 457
"../../../Engine/Plugins/Runtime/HairStrands/Content/Materials/HairGroupColors.uexp" 458
"../../../Engine/Content/EngineMaterials/HairColorMap.uasset" 459
"../../../Engine/Content/EngineMaterials/HairColorMap.uexp" 460
"../../../Engine/Content/EngineMaterials/HairDebugColor.uasset" 461
"../../../Engine/Content/EngineMaterials/HairDebugColor.uexp" 462
"../../../Engine/Plugins/Runtime/HairStrands/Content/Materials/HairDebugMaterial.uasset" 463
"../../../Engine/Plugins/Runtime/HairStrands/Content/Materials/HairDebugMaterial.uexp" 464
"../../../Engine/Plugins/Runtime/HairStrands/Content/Materials/HairCardsDefaultMaterial.uasset" 465
"../../../Engine/Plugins/Runtime/HairStrands/Content/Materials/HairCardsDefaultMaterial.uexp" 466
"../../../Engine/Plugins/Editor/SpeedTreeImporter/Content/SpeedTree9/game_wind_noise.ubulk" 467
"../../../Engine/Plugins/Editor/SpeedTreeImporter/Content/SpeedTree9/game_wind_noise.uasset" 468
"../../../Engine/Plugins/Editor/SpeedTreeImporter/Content/SpeedTree9/game_wind_noise.uexp" 469
"../../../Engine/Plugins/Editor/SpeedTreeImporter/Content/SpeedTree9/UnpackDirection.uasset" 470
"../../../Engine/Plugins/Editor/SpeedTreeImporter/Content/SpeedTree9/UnpackDirection.uexp" 471
"../../../Engine/Content/Functions/Engine_MaterialFunctions02/ObjectLocalBounds.uasset" 472
"../../../Engine/Content/Functions/Engine_MaterialFunctions02/ObjectLocalBounds.uexp" 473
"../../../Engine/Content/Functions/Engine_MaterialFunctions02/UVs/BoundingBoxBased_0-1_UVW.uasset" 474
"../../../Engine/Content/Functions/Engine_MaterialFunctions02/UVs/BoundingBoxBased_0-1_UVW.uexp" 475
"../../../Engine/Content/Functions/Engine_MaterialFunctions02/Utility/VectorLength.uasset" 476
"../../../Engine/Content/Functions/Engine_MaterialFunctions02/Utility/VectorLength.uexp" 477
"../../../Engine/Plugins/Editor/SpeedTreeImporter/Content/SpeedTree9/UnpackInteger3.uasset" 478
"../../../Engine/Plugins/Editor/SpeedTreeImporter/Content/SpeedTree9/UnpackInteger3.uexp" 479
"../../../Engine/Plugins/Editor/SpeedTreeImporter/Content/SpeedTree9/SpeedTreeCameraFacing.uasset" 480
"../../../Engine/Plugins/Editor/SpeedTreeImporter/Content/SpeedTree9/SpeedTreeCameraFacing.uexp" 481
"../../../Engine/Content/Functions/Engine_MaterialFunctions02/WorldPositionOffset/ObjectScale.uasset" 482
"../../../Engine/Content/Functions/Engine_MaterialFunctions02/WorldPositionOffset/ObjectScale.uexp" 483
"../../../Engine/Content/Functions/Engine_MaterialFunctions02/SafeNormalize.uasset" 484
"../../../Engine/Content/Functions/Engine_MaterialFunctions02/SafeNormalize.uexp" 485
"../../../Engine/Plugins/Editor/SpeedTreeImporter/Content/SpeedTree9/SpeedTreeWindMotion.uasset" 486
"../../../Engine/Plugins/Editor/SpeedTreeImporter/Content/SpeedTree9/SpeedTreeWindMotion.uexp" 487
"../../../Engine/Plugins/Editor/SpeedTreeImporter/Content/SpeedTree9/SpeedTreeBranchMotion.uasset" 488
"../../../Engine/Plugins/Editor/SpeedTreeImporter/Content/SpeedTree9/SpeedTreeBranchMotion.uexp" 489
"../../../Engine/Plugins/Editor/SpeedTreeImporter/Content/SpeedTree9/SpeedTreeWind.uasset" 490
"../../../Engine/Plugins/Editor/SpeedTreeImporter/Content/SpeedTree9/SpeedTreeWind.uexp" 491
"../../../Engine/Plugins/Editor/SpeedTreeImporter/Content/SpeedTree9/EmptyNormal.uasset" 492
"../../../Engine/Plugins/Editor/SpeedTreeImporter/Content/SpeedTree9/EmptyNormal.uexp" 493
"../../../Engine/Plugins/Editor/SpeedTreeImporter/Content/SpeedTree9/Empty.uasset" 494
"../../../Engine/Plugins/Editor/SpeedTreeImporter/Content/SpeedTree9/Empty.uexp" 495
"../../../Engine/Plugins/Editor/SpeedTreeImporter/Content/SpeedTree9/SpeedTreeMaster.uasset" 496
"../../../Engine/Plugins/Editor/SpeedTreeImporter/Content/SpeedTree9/SpeedTreeMaster.uexp" 497
"../../../Engine/Plugins/Editor/SpeedTreeImporter/Content/SpeedTree9/SpeedTreeBillboard.uasset" 498
"../../../Engine/Plugins/Editor/SpeedTreeImporter/Content/SpeedTree9/SpeedTreeBillboard.uexp" 499
"../../../Engine/Plugins/Editor/SpeedTreeImporter/Content/SpeedTree9/SpeedTreeBillboardMaster.uasset" 500
"../../../Engine/Plugins/Editor/SpeedTreeImporter/Content/SpeedTree9/SpeedTreeBillboardMaster.uexp" 501
"../../../Engine/Plugins/Animation/ControlRig/Content/Controls/ControlRig_QuarterCircle_3mm.uasset" 502
"../../../Engine/Plugins/Animation/ControlRig/Content/Controls/ControlRig_QuarterCircle_3mm.uexp" 503
"../../../Engine/Plugins/Animation/ControlRig/Content/Controls/ControlRig_QuarterCircle_1mm.uasset" 504
"../../../Engine/Plugins/Animation/ControlRig/Content/Controls/ControlRig_QuarterCircle_1mm.uexp" 505
"../../../Engine/Plugins/Animation/ControlRig/Content/Controls/ControlRig_Pyramid_solid.uasset" 506
"../../../Engine/Plugins/Animation/ControlRig/Content/Controls/ControlRig_Pyramid_solid.uexp" 507
"../../../Engine/Plugins/Animation/ControlRig/Content/Controls/ControlRig_Pyramid_3mm.uasset" 508
"../../../Engine/Plugins/Animation/ControlRig/Content/Controls/ControlRig_Pyramid_3mm.uexp" 509
"../../../Engine/Plugins/Animation/ControlRig/Content/Controls/ControlRig_Pyramid_1mm.uasset" 510
"../../../Engine/Plugins/Animation/ControlRig/Content/Controls/ControlRig_Pyramid_1mm.uexp" 511
"../../../Engine/Plugins/Animation/ControlRig/Content/Controls/ControlRig_Octagon_solid.uasset" 512
"../../../Engine/Plugins/Animation/ControlRig/Content/Controls/ControlRig_Octagon_solid.uexp" 513
"../../../Engine/Plugins/Animation/ControlRig/Content/Controls/ControlRig_Octagon_3mm.uasset" 514
"../../../Engine/Plugins/Animation/ControlRig/Content/Controls/ControlRig_Octagon_3mm.uexp" 515
"../../../Engine/Plugins/Animation/ControlRig/Content/Controls/ControlRig_Octagon_1mm.uasset" 516
"../../../Engine/Plugins/Animation/ControlRig/Content/Controls/ControlRig_Octagon_1mm.uexp" 517
"../../../Engine/Plugins/Animation/ControlRig/Content/Controls/ControlRig_Hexagon_solid.uasset" 518
"../../../Engine/Plugins/Animation/ControlRig/Content/Controls/ControlRig_Hexagon_solid.uexp" 519
"../../../Engine/Plugins/Animation/ControlRig/Content/Controls/ControlRig_Hexagon_3mm.uasset" 520
"../../../Engine/Plugins/Animation/ControlRig/Content/Controls/ControlRig_Hexagon_3mm.uexp" 521
"../../../Engine/Plugins/Animation/ControlRig/Content/Controls/ControlRig_Hexagon_1mm.uasset" 522
"../../../Engine/Plugins/Animation/ControlRig/Content/Controls/ControlRig_Hexagon_1mm.uexp" 523
"../../../Engine/Plugins/Animation/ControlRig/Content/Controls/ControlRig_HalfCircle_solid.uasset" 524
"../../../Engine/Plugins/Animation/ControlRig/Content/Controls/ControlRig_HalfCircle_solid.uexp" 525
"../../../Engine/Plugins/Animation/ControlRig/Content/Controls/ControlRig_HalfCircle_3mm.uasset" 526
"../../../Engine/Plugins/Animation/ControlRig/Content/Controls/ControlRig_HalfCircle_3mm.uexp" 527
"../../../Engine/Plugins/Animation/ControlRig/Content/Controls/ControlRig_HalfCircle_1mm.uasset" 528
"../../../Engine/Plugins/Animation/ControlRig/Content/Controls/ControlRig_HalfCircle_1mm.uexp" 529
"../../../Engine/Plugins/Animation/ControlRig/Content/Controls/ControlRig_Diamond_solid.uasset" 530
"../../../Engine/Plugins/Animation/ControlRig/Content/Controls/ControlRig_Diamond_solid.uexp" 531
"../../../Engine/Plugins/Animation/ControlRig/Content/Controls/ControlRig_Diamond_3mm.uasset" 532
"../../../Engine/Plugins/Animation/ControlRig/Content/Controls/ControlRig_Diamond_3mm.uexp" 533
"../../../Engine/Plugins/Animation/ControlRig/Content/Controls/ControlRig_Diamond_1mm.uasset" 534
"../../../Engine/Plugins/Animation/ControlRig/Content/Controls/ControlRig_Diamond_1mm.uexp" 535
"../../../Engine/Plugins/Animation/ControlRig/Content/Controls/ControlRig_Circle_solid.uasset" 536
"../../../Engine/Plugins/Animation/ControlRig/Content/Controls/ControlRig_Circle_solid.uexp" 537
"../../../Engine/Plugins/Animation/ControlRig/Content/Controls/ControlRig_Circle_3mm.uasset" 538
"../../../Engine/Plugins/Animation/ControlRig/Content/Controls/ControlRig_Circle_3mm.uexp" 539
"../../../Engine/Plugins/Animation/ControlRig/Content/Controls/ControlRig_Circle_1mm.uasset" 540
"../../../Engine/Plugins/Animation/ControlRig/Content/Controls/ControlRig_Circle_1mm.uexp" 541
"../../../Engine/Plugins/Animation/ControlRig/Content/Controls/ControlRig_Box_solid.uasset" 542
"../../../Engine/Plugins/Animation/ControlRig/Content/Controls/ControlRig_Box_solid.uexp" 543
"../../../Engine/Plugins/Animation/ControlRig/Content/Controls/ControlRig_Box_3mm.uasset" 544
"../../../Engine/Plugins/Animation/ControlRig/Content/Controls/ControlRig_Box_3mm.uexp" 545
"../../../Engine/Plugins/Animation/ControlRig/Content/Controls/ControlRig_Box_1mm.uasset" 546
"../../../Engine/Plugins/Animation/ControlRig/Content/Controls/ControlRig_Box_1mm.uexp" 547
"../../../Engine/Plugins/Animation/ControlRig/Content/Controls/ControlRig_Arrow_solid.uasset" 548
"../../../Engine/Plugins/Animation/ControlRig/Content/Controls/ControlRig_Arrow_solid.uexp" 549
"../../../Engine/Plugins/Animation/ControlRig/Content/Controls/ControlRig_Arrow_3mm.uasset" 550
"../../../Engine/Plugins/Animation/ControlRig/Content/Controls/ControlRig_Arrow_3mm.uexp" 551
"../../../Engine/Plugins/Animation/ControlRig/Content/Controls/ControlRig_Arrow_1mm.uasset" 552
"../../../Engine/Plugins/Animation/ControlRig/Content/Controls/ControlRig_Arrow_1mm.uexp" 553
"../../../Engine/Plugins/Animation/ControlRig/Content/Controls/ControlRig_Arrow4_solid.uasset" 554
"../../../Engine/Plugins/Animation/ControlRig/Content/Controls/ControlRig_Arrow4_solid.uexp" 555
"../../../Engine/Plugins/Animation/ControlRig/Content/Controls/ControlRig_Arrow4_3mm.uasset" 556
"../../../Engine/Plugins/Animation/ControlRig/Content/Controls/ControlRig_Arrow4_3mm.uexp" 557
"../../../Engine/Plugins/Animation/ControlRig/Content/Controls/ControlRig_Arrow4_1mm.uasset" 558
"../../../Engine/Plugins/Animation/ControlRig/Content/Controls/ControlRig_Arrow4_1mm.uexp" 559
"../../../Engine/Plugins/Animation/ControlRig/Content/Controls/ControlRig_Arrow2_solid.uasset" 560
"../../../Engine/Plugins/Animation/ControlRig/Content/Controls/ControlRig_Arrow2_solid.uexp" 561
"../../../Engine/Plugins/Animation/ControlRig/Content/Controls/ControlRig_Arrow2_3mm.uasset" 562
"../../../Engine/Plugins/Animation/ControlRig/Content/Controls/ControlRig_Arrow2_3mm.uexp" 563
"../../../Engine/Plugins/Animation/ControlRig/Content/Controls/ControlRig_Arrow2_1mm.uasset" 564
"../../../Engine/Plugins/Animation/ControlRig/Content/Controls/ControlRig_Arrow2_1mm.uexp" 565
"../../../Engine/Plugins/Animation/ControlRig/Content/Controls/ControlRigGizmoMaterial.uasset" 566
"../../../Engine/Plugins/Animation/ControlRig/Content/Controls/ControlRigGizmoMaterial.uexp" 567
"../../../Engine/Content/VREditor/LaserPointer/VR_LaserPower_01.ubulk" 568
"../../../Engine/Content/VREditor/LaserPointer/VR_LaserPower_01.uasset" 569
"../../../Engine/Content/VREditor/LaserPointer/VR_LaserPower_01.uexp" 570
"../../../Engine/Content/VREditor/TransformGizmo/TransformGizmoMaterial.uasset" 571
"../../../Engine/Content/VREditor/TransformGizmo/TransformGizmoMaterial.uexp" 572
"../../../Engine/Content/VREditor/TransformGizmo/TranslucentTransformGizmoMaterial.uasset" 573
"../../../Engine/Content/VREditor/TransformGizmo/TranslucentTransformGizmoMaterial.uexp" 574
"../../../Engine/Content/VREditor/TransformGizmo/PlaneTranslationHandle.uasset" 575
"../../../Engine/Content/VREditor/TransformGizmo/PlaneTranslationHandle.uexp" 576
"../../../Engine/Content/VREditor/TransformGizmo/BoundingBoxEdge.uasset" 577
"../../../Engine/Content/VREditor/TransformGizmo/BoundingBoxEdge.uexp" 578
"../../../Engine/Content/VREditor/TransformGizmo/BoundingBoxCorner.uasset" 579
"../../../Engine/Content/VREditor/TransformGizmo/BoundingBoxCorner.uexp" 580
"../../../Engine/Content/EngineMaterials/DefaultMaterial.uasset" 581
"../../../Engine/Content/EngineMaterials/DefaultMaterial.uexp" 582
"../../../Engine/Content/Maps/Entry_BuiltData.uasset" 583
"../../../Engine/Content/Maps/Entry_BuiltData.uexp" 584
"../../../Engine/Content/Maps/Entry.uexp" 585
"../../../Engine/Content/Maps/Entry.umap" 586
"D:/GitRepos/teamGameProduct1/game2/TeamGame2/The_Tent/Content/imported_sky/M_UE4Man_ChestLogo.uasset" 587
"D:/GitRepos/teamGameProduct1/game2/TeamGame2/The_Tent/Content/imported_sky/M_UE4Man_ChestLogo.uexp" 588
"D:/GitRepos/teamGameProduct1/game2/TeamGame2/The_Tent/Content/imported_sky/M_Male_Body.uasset" 589
"D:/GitRepos/teamGameProduct1/game2/TeamGame2/The_Tent/Content/imported_sky/M_Male_Body.uexp" 590
"D:/GitRepos/teamGameProduct1/game2/TeamGame2/The_Tent/Content/imported_sky/SK_Mannequin.uasset" 591
"D:/GitRepos/teamGameProduct1/game2/TeamGame2/The_Tent/Content/imported_sky/SK_Mannequin.uexp" 592
"D:/GitRepos/teamGameProduct1/game2/TeamGame2/The_Tent/Content/GoodSky/Resource/ArrowTool/SM_GoodSky_Moon.uasset" 593
"D:/GitRepos/teamGameProduct1/game2/TeamGame2/The_Tent/Content/GoodSky/Resource/ArrowTool/SM_GoodSky_Moon.uexp" 594
"D:/GitRepos/teamGameProduct1/game2/TeamGame2/The_Tent/Content/GoodSky/Resource/Data/Curve/Curve_GoodSky_SunLight.uasset" 595
"D:/GitRepos/teamGameProduct1/game2/TeamGame2/The_Tent/Content/GoodSky/Resource/Data/Curve/Curve_GoodSky_SunLight.uexp" 596
"D:/GitRepos/teamGameProduct1/game2/TeamGame2/The_Tent/Content/GoodSky/Resource/Data/Enum/Enum_GoodSky_Clouds_Coverage.uasset" 597
"D:/GitRepos/teamGameProduct1/game2/TeamGame2/The_Tent/Content/GoodSky/Resource/Data/Enum/Enum_GoodSky_Clouds_Coverage.uexp" 598
"D:/GitRepos/teamGameProduct1/game2/TeamGame2/The_Tent/Content/GoodSky/Resource/Textures/T_GoodSky_noise_smooth.ubulk" 599
"D:/GitRepos/teamGameProduct1/game2/TeamGame2/The_Tent/Content/GoodSky/Resource/Textures/T_GoodSky_noise_smooth.uasset" 600
"D:/GitRepos/teamGameProduct1/game2/TeamGame2/The_Tent/Content/GoodSky/Resource/Textures/T_GoodSky_noise_smooth.uexp" 601
"D:/GitRepos/teamGameProduct1/game2/TeamGame2/The_Tent/Content/GoodSky/Resource/Materials/Material_Function/MF_GoodSky_LightningFlick.uasset" 602
"D:/GitRepos/teamGameProduct1/game2/TeamGame2/The_Tent/Content/GoodSky/Resource/Materials/Material_Function/MF_GoodSky_LightningFlick.uexp" 603
"D:/GitRepos/teamGameProduct1/game2/TeamGame2/The_Tent/Content/GoodSky/Resource/Materials/Material_Function/MF_GoodSky_Time.uasset" 604
"D:/GitRepos/teamGameProduct1/game2/TeamGame2/The_Tent/Content/GoodSky/Resource/Materials/Material_Function/MF_GoodSky_Time.uexp" 605
"../../../Engine/Content/Functions/Engine_MaterialFunctions01/Gradient/LinearGradient.uasset" 606
"../../../Engine/Content/Functions/Engine_MaterialFunctions01/Gradient/LinearGradient.uexp" 607
"D:/GitRepos/teamGameProduct1/game2/TeamGame2/The_Tent/Content/GoodSky/Resource/Materials/Material_Function/MF_GoodSky_Top_Part_Alpha.uasset" 608
"D:/GitRepos/teamGameProduct1/game2/TeamGame2/The_Tent/Content/GoodSky/Resource/Materials/Material_Function/MF_GoodSky_Top_Part_Alpha.uexp" 609
"D:/GitRepos/teamGameProduct1/game2/TeamGame2/The_Tent/Content/GoodSky/Resource/Textures/T_GoodSky_clouds_F.ubulk" 610
"D:/GitRepos/teamGameProduct1/game2/TeamGame2/The_Tent/Content/GoodSky/Resource/Textures/T_GoodSky_clouds_F.uasset" 611
"D:/GitRepos/teamGameProduct1/game2/TeamGame2/The_Tent/Content/GoodSky/Resource/Textures/T_GoodSky_clouds_F.uexp" 612
"../../../Engine/Content/Functions/Engine_MaterialFunctions02/ExampleContent/DebugNumberStrip.uasset" 613
"../../../Engine/Content/Functions/Engine_MaterialFunctions02/ExampleContent/DebugNumberStrip.uexp" 614
"../../../Engine/Content/Functions/Engine_MaterialFunctions01/Texturing/ComputeMipLevel.uasset" 615
"../../../Engine/Content/Functions/Engine_MaterialFunctions01/Texturing/ComputeMipLevel.uexp" 616
"../../../Engine/Content/Functions/Engine_MaterialFunctions01/Texturing/TextureCropping.uasset" 617
"../../../Engine/Content/Functions/Engine_MaterialFunctions01/Texturing/TextureCropping.uexp" 618
"../../../Engine/Content/Functions/Engine_MaterialFunctions02/ExampleContent/Textures/DebugNumberPeriod.uasset" 619
"../../../Engine/Content/Functions/Engine_MaterialFunctions02/ExampleContent/Textures/DebugNumberPeriod.uexp" 620
"../../../Engine/Content/Functions/Engine_MaterialFunctions02/Utility/DebugScalarValues.uasset" 621
"../../../Engine/Content/Functions/Engine_MaterialFunctions02/Utility/DebugScalarValues.uexp" 622
"../../../Engine/Content/Functions/Engine_MaterialFunctions02/Utility/DebugFloat3Values.uasset" 623
"../../../Engine/Content/Functions/Engine_MaterialFunctions02/Utility/DebugFloat3Values.uexp" 624
"../../../Engine/Content/Functions/Engine_MaterialFunctions02/Math/RGBtoHSV.uasset" 625
"../../../Engine/Content/Functions/Engine_MaterialFunctions02/Math/RGBtoHSV.uexp" 626
"D:/GitRepos/teamGameProduct1/game2/TeamGame2/The_Tent/Content/GoodSky/Resource/Textures/T_GoodSky_Lightning.ubulk" 627
"D:/GitRepos/teamGameProduct1/game2/TeamGame2/The_Tent/Content/GoodSky/Resource/Textures/T_GoodSky_Lightning.uasset" 628
"D:/GitRepos/teamGameProduct1/game2/TeamGame2/The_Tent/Content/GoodSky/Resource/Textures/T_GoodSky_Lightning.uexp" 629
"../../../Engine/Content/Functions/Engine_MaterialFunctions01/Texturing/ScaleUVsAroundPoint.uasset" 630
"../../../Engine/Content/Functions/Engine_MaterialFunctions01/Texturing/ScaleUVsAroundPoint.uexp" 631
"D:/GitRepos/teamGameProduct1/game2/TeamGame2/The_Tent/Content/GoodSky/Resource/Materials/Material_Function/MF_GoodSky_SkyDomeAlpha.uasset" 632
"D:/GitRepos/teamGameProduct1/game2/TeamGame2/The_Tent/Content/GoodSky/Resource/Materials/Material_Function/MF_GoodSky_SkyDomeAlpha.uexp" 633
"D:/GitRepos/teamGameProduct1/game2/TeamGame2/The_Tent/Content/GoodSky/Resource/Textures/T_GoodSky_clouds_B.ubulk" 634
"D:/GitRepos/teamGameProduct1/game2/TeamGame2/The_Tent/Content/GoodSky/Resource/Textures/T_GoodSky_clouds_B.uasset" 635
"D:/GitRepos/teamGameProduct1/game2/TeamGame2/The_Tent/Content/GoodSky/Resource/Textures/T_GoodSky_clouds_B.uexp" 636
"D:/GitRepos/teamGameProduct1/game2/TeamGame2/The_Tent/Content/GoodSky/Resource/Textures/T_GoodSky_clouds_A.ubulk" 637
"D:/GitRepos/teamGameProduct1/game2/TeamGame2/The_Tent/Content/GoodSky/Resource/Textures/T_GoodSky_clouds_A.uasset" 638
"D:/GitRepos/teamGameProduct1/game2/TeamGame2/The_Tent/Content/GoodSky/Resource/Textures/T_GoodSky_clouds_A.uexp" 639
"D:/GitRepos/teamGameProduct1/game2/TeamGame2/The_Tent/Content/GoodSky/Resource/Textures/T_GoodSky_clouds_sphere.uasset" 640
"D:/GitRepos/teamGameProduct1/game2/TeamGame2/The_Tent/Content/GoodSky/Resource/Textures/T_GoodSky_clouds_sphere.uexp" 641
"D:/GitRepos/teamGameProduct1/game2/TeamGame2/The_Tent/Content/GoodSky/Resource/Materials/Material_Function/MF_GoodSky_Clouds_Setting.uasset" 642
"D:/GitRepos/teamGameProduct1/game2/TeamGame2/The_Tent/Content/GoodSky/Resource/Materials/Material_Function/MF_GoodSky_Clouds_Setting.uexp" 643
"../../../Engine/Content/Functions/Engine_MaterialFunctions01/ImageAdjustment/DeriveHDRfromLDR.uasset" 644
"../../../Engine/Content/Functions/Engine_MaterialFunctions01/ImageAdjustment/DeriveHDRfromLDR.uexp" 645
"D:/GitRepos/teamGameProduct1/game2/TeamGame2/The_Tent/Content/GoodSky/Resource/Materials/Material_Function/MF_GoodSky_Global_Setting.uasset" 646
"D:/GitRepos/teamGameProduct1/game2/TeamGame2/The_Tent/Content/GoodSky/Resource/Materials/Material_Function/MF_GoodSky_Global_Setting.uexp" 647
"D:/GitRepos/teamGameProduct1/game2/TeamGame2/The_Tent/Content/GoodSky/Resource/Materials/M_GoodSky_Storm.uasset" 648
"D:/GitRepos/teamGameProduct1/game2/TeamGame2/The_Tent/Content/GoodSky/Resource/Materials/M_GoodSky_Storm.uexp" 649
"D:/GitRepos/teamGameProduct1/game2/TeamGame2/The_Tent/Content/GoodSky/Resource/Data/Curve/Curve_GoodSky_SunDirection_Vector.uasset" 650
"D:/GitRepos/teamGameProduct1/game2/TeamGame2/The_Tent/Content/GoodSky/Resource/Data/Curve/Curve_GoodSky_SunDirection_Vector.uexp" 651
"D:/GitRepos/teamGameProduct1/game2/TeamGame2/The_Tent/Content/GoodSky/Resource/Data/Curve/Curve_GoodSky_horizon_Color.uasset" 652
"D:/GitRepos/teamGameProduct1/game2/TeamGame2/The_Tent/Content/GoodSky/Resource/Data/Curve/Curve_GoodSky_horizon_Color.uexp" 653
"D:/GitRepos/teamGameProduct1/game2/TeamGame2/The_Tent/Content/GoodSky/Resource/Data/Structure/Structure_GoodSky.uasset" 654
"D:/GitRepos/teamGameProduct1/game2/TeamGame2/The_Tent/Content/GoodSky/Resource/Data/Structure/Structure_GoodSky.uexp" 655
"D:/GitRepos/teamGameProduct1/game2/TeamGame2/The_Tent/Content/GoodSky/Resource/Data/DataTable/DataTable_GoodSky.uasset" 656
"D:/GitRepos/teamGameProduct1/game2/TeamGame2/The_Tent/Content/GoodSky/Resource/Data/DataTable/DataTable_GoodSky.uexp" 657
"D:/GitRepos/teamGameProduct1/game2/TeamGame2/The_Tent/Content/GoodSky/Resource/Textures/T_GoodSky_clouds_E.ubulk" 658
"D:/GitRepos/teamGameProduct1/game2/TeamGame2/The_Tent/Content/GoodSky/Resource/Textures/T_GoodSky_clouds_E.uasset" 659
"D:/GitRepos/teamGameProduct1/game2/TeamGame2/The_Tent/Content/GoodSky/Resource/Textures/T_GoodSky_clouds_E.uexp" 660
"D:/GitRepos/teamGameProduct1/game2/TeamGame2/The_Tent/Content/GoodSky/Resource/Data/Enum/Enum_GoodSky_Style_Clouds.uasset" 661
"D:/GitRepos/teamGameProduct1/game2/TeamGame2/The_Tent/Content/GoodSky/Resource/Data/Enum/Enum_GoodSky_Style_Clouds.uexp" 662
"D:/GitRepos/teamGameProduct1/game2/TeamGame2/The_Tent/Content/GoodSky/Resource/ArrowTool/M_GoodSky_Sun_Emissive.uasset" 663
"D:/GitRepos/teamGameProduct1/game2/TeamGame2/The_Tent/Content/GoodSky/Resource/ArrowTool/M_GoodSky_Sun_Emissive.uexp" 664
"D:/GitRepos/teamGameProduct1/game2/TeamGame2/The_Tent/Content/GoodSky/Resource/ArrowTool/SM_GoodSky_StarMesh.uasset" 665
"D:/GitRepos/teamGameProduct1/game2/TeamGame2/The_Tent/Content/GoodSky/Resource/ArrowTool/SM_GoodSky_StarMesh.uexp" 666
"D:/GitRepos/teamGameProduct1/game2/TeamGame2/The_Tent/Content/GoodSky/Resource/Data/Enum/Enum_GoodSky_MeshType.uasset" 667
"D:/GitRepos/teamGameProduct1/game2/TeamGame2/The_Tent/Content/GoodSky/Resource/Data/Enum/Enum_GoodSky_MeshType.uexp" 668
"D:/GitRepos/teamGameProduct1/game2/TeamGame2/The_Tent/Content/GoodSky/Resource/Textures/T_GoodSky_Stars.ubulk" 669
"D:/GitRepos/teamGameProduct1/game2/TeamGame2/The_Tent/Content/GoodSky/Resource/Textures/T_GoodSky_Stars.uasset" 670
"D:/GitRepos/teamGameProduct1/game2/TeamGame2/The_Tent/Content/GoodSky/Resource/Textures/T_GoodSky_Stars.uexp" 671
"D:/GitRepos/teamGameProduct1/game2/TeamGame2/The_Tent/Content/GoodSky/Resource/Materials/M_GoodSky_Sun_Stars.uasset" 672
"D:/GitRepos/teamGameProduct1/game2/TeamGame2/The_Tent/Content/GoodSky/Resource/Materials/M_GoodSky_Sun_Stars.uexp" 673
"D:/GitRepos/teamGameProduct1/game2/TeamGame2/The_Tent/Content/GoodSky/Resource/Data/Curve/Curve_GoodSky_BaseCloudColor.uasset" 674
"D:/GitRepos/teamGameProduct1/game2/TeamGame2/The_Tent/Content/GoodSky/Resource/Data/Curve/Curve_GoodSky_BaseCloudColor.uexp" 675
"D:/GitRepos/teamGameProduct1/game2/TeamGame2/The_Tent/Content/GoodSky/Resource/Data/Curve/Curve_GoodSky_Stars.uasset" 676
"D:/GitRepos/teamGameProduct1/game2/TeamGame2/The_Tent/Content/GoodSky/Resource/Data/Curve/Curve_GoodSky_Stars.uexp" 677
"D:/GitRepos/teamGameProduct1/game2/TeamGame2/The_Tent/Content/GoodSky/Resource/Materials/M_GoodSky_Base.uasset" 678
"D:/GitRepos/teamGameProduct1/game2/TeamGame2/The_Tent/Content/GoodSky/Resource/Materials/M_GoodSky_Base.uexp" 679
"D:/GitRepos/teamGameProduct1/game2/TeamGame2/The_Tent/Content/GoodSky/Resource/Mesh/SM_GoodSky_Sphere.uasset" 680
"D:/GitRepos/teamGameProduct1/game2/TeamGame2/The_Tent/Content/GoodSky/Resource/Mesh/SM_GoodSky_Sphere.uexp" 681
"D:/GitRepos/teamGameProduct1/game2/TeamGame2/The_Tent/Content/GoodSky/Resource/Textures/T_GoodSky_clouds_C.ubulk" 682
"D:/GitRepos/teamGameProduct1/game2/TeamGame2/The_Tent/Content/GoodSky/Resource/Textures/T_GoodSky_clouds_C.uasset" 683
"D:/GitRepos/teamGameProduct1/game2/TeamGame2/The_Tent/Content/GoodSky/Resource/Textures/T_GoodSky_clouds_C.uexp" 684
"D:/GitRepos/teamGameProduct1/game2/TeamGame2/The_Tent/Content/GoodSky/Resource/Mesh/SM_GoodSky_Hemisphere.uasset" 685
"D:/GitRepos/teamGameProduct1/game2/TeamGame2/The_Tent/Content/GoodSky/Resource/Mesh/SM_GoodSky_Hemisphere.uexp" 686
"../../../Engine/Content/BasicShapes/Sphere.uasset" 687
"../../../Engine/Content/BasicShapes/Sphere.uexp" 688
"D:/GitRepos/teamGameProduct1/game2/TeamGame2/The_Tent/Content/GoodSky/Resource/Textures/T_GoodSky_Moon.uasset" 689
"D:/GitRepos/teamGameProduct1/game2/TeamGame2/The_Tent/Content/GoodSky/Resource/Textures/T_GoodSky_Moon.uexp" 690
"../../../Engine/Content/Functions/Engine_MaterialFunctions01/Density/ExponentialDensity.uasset" 691
"../../../Engine/Content/Functions/Engine_MaterialFunctions01/Density/ExponentialDensity.uexp" 692
"../../../Engine/Content/Functions/Engine_MaterialFunctions01/Gradient/RadialGradientExponential.uasset" 693
"../../../Engine/Content/Functions/Engine_MaterialFunctions01/Gradient/RadialGradientExponential.uexp" 694
"D:/GitRepos/teamGameProduct1/game2/TeamGame2/The_Tent/Content/GoodSky/Resource/Materials/Material_Function/MF_GoodSky_Moon_Setting.uasset" 695
"D:/GitRepos/teamGameProduct1/game2/TeamGame2/The_Tent/Content/GoodSky/Resource/Materials/Material_Function/MF_GoodSky_Moon_Setting.uexp" 696
"D:/GitRepos/teamGameProduct1/game2/TeamGame2/The_Tent/Content/GoodSky/Resource/Materials/M_GoodSky_Moon.uasset" 697
"D:/GitRepos/teamGameProduct1/game2/TeamGame2/The_Tent/Content/GoodSky/Resource/Materials/M_GoodSky_Moon.uexp" 698
"D:/GitRepos/teamGameProduct1/game2/TeamGame2/The_Tent/Content/GoodSky/Resource/Data/Curve/Curve_GoodSky_AllOverlayColor.uasset" 699
"D:/GitRepos/teamGameProduct1/game2/TeamGame2/The_Tent/Content/GoodSky/Resource/Data/Curve/Curve_GoodSky_AllOverlayColor.uexp" 700
"D:/GitRepos/teamGameProduct1/game2/TeamGame2/The_Tent/Content/GoodSky/Resource/Materials/M_GoodSky_Sun_Stars_Moon.uasset" 701
"D:/GitRepos/teamGameProduct1/game2/TeamGame2/The_Tent/Content/GoodSky/Resource/Materials/M_GoodSky_Sun_Stars_Moon.uexp" 702
"../../../Engine/Content/BasicShapes/Plane.uasset" 703
"../../../Engine/Content/BasicShapes/Plane.uexp" 704
"D:/GitRepos/teamGameProduct1/game2/TeamGame2/The_Tent/Content/GoodSky/Resource/Data/Enum/Enum_GoodSky_Effects.uasset" 705
"D:/GitRepos/teamGameProduct1/game2/TeamGame2/The_Tent/Content/GoodSky/Resource/Data/Enum/Enum_GoodSky_Effects.uexp" 706
"D:/GitRepos/teamGameProduct1/game2/TeamGame2/The_Tent/Content/GoodSky/Resource/Textures/T_GoodSky_clouds_D.ubulk" 707
"D:/GitRepos/teamGameProduct1/game2/TeamGame2/The_Tent/Content/GoodSky/Resource/Textures/T_GoodSky_clouds_D.uasset" 708
"D:/GitRepos/teamGameProduct1/game2/TeamGame2/The_Tent/Content/GoodSky/Resource/Textures/T_GoodSky_clouds_D.uexp" 709
"D:/GitRepos/teamGameProduct1/game2/TeamGame2/The_Tent/Content/GoodSky/Resource/ArrowTool/T_GoodSky_SkyRing.ubulk" 710
"D:/GitRepos/teamGameProduct1/game2/TeamGame2/The_Tent/Content/GoodSky/Resource/ArrowTool/T_GoodSky_SkyRing.uasset" 711
"D:/GitRepos/teamGameProduct1/game2/TeamGame2/The_Tent/Content/GoodSky/Resource/ArrowTool/T_GoodSky_SkyRing.uexp" 712
"D:/GitRepos/teamGameProduct1/game2/TeamGame2/The_Tent/Content/GoodSky/Resource/ArrowTool/M_GoodSky_SkyRing_.uasset" 713
"D:/GitRepos/teamGameProduct1/game2/TeamGame2/The_Tent/Content/GoodSky/Resource/ArrowTool/M_GoodSky_SkyRing_.uexp" 714
"D:/GitRepos/teamGameProduct1/game2/TeamGame2/The_Tent/Content/GoodSky/Resource/Data/Enum/Enum_SunDirection.uasset" 715
"D:/GitRepos/teamGameProduct1/game2/TeamGame2/The_Tent/Content/GoodSky/Resource/Data/Enum/Enum_SunDirection.uexp" 716
"../../../Engine/Content/EditorBlueprintResources/StandardMacros.uasset" 717
"../../../Engine/Content/EditorBlueprintResources/StandardMacros.uexp" 718
"D:/GitRepos/teamGameProduct1/game2/TeamGame2/The_Tent/Content/GoodSky/Resource/Data/Enum/Enum_GoodSky_Preset.uasset" 719
"D:/GitRepos/teamGameProduct1/game2/TeamGame2/The_Tent/Content/GoodSky/Resource/Data/Enum/Enum_GoodSky_Preset.uexp" 720
"D:/GitRepos/teamGameProduct1/game2/TeamGame2/The_Tent/Content/GoodSky/Resource/Data/Curve/Curve_GoodSky_DomeColor.uasset" 721
"D:/GitRepos/teamGameProduct1/game2/TeamGame2/The_Tent/Content/GoodSky/Resource/Data/Curve/Curve_GoodSky_DomeColor.uexp" 722
"D:/GitRepos/teamGameProduct1/game2/TeamGame2/The_Tent/Content/GoodSky/Blueprint/BP_GoodSky.uasset" 723
"D:/GitRepos/teamGameProduct1/game2/TeamGame2/The_Tent/Content/GoodSky/Blueprint/BP_GoodSky.uexp" 724
"D:/GitRepos/teamGameProduct1/game2/TeamGame2/The_Tent/Content/StarterContent/Textures/T_Wood_Pine_D.ubulk" 725
"D:/GitRepos/teamGameProduct1/game2/TeamGame2/The_Tent/Content/StarterContent/Textures/T_Wood_Pine_D.uasset" 726
"D:/GitRepos/teamGameProduct1/game2/TeamGame2/The_Tent/Content/StarterContent/Textures/T_Wood_Pine_D.uexp" 727
"D:/GitRepos/teamGameProduct1/game2/TeamGame2/The_Tent/Content/StarterContent/Textures/T_Wood_Pine_N.ubulk" 728
"D:/GitRepos/teamGameProduct1/game2/TeamGame2/The_Tent/Content/StarterContent/Textures/T_Wood_Pine_N.uasset" 729
"D:/GitRepos/teamGameProduct1/game2/TeamGame2/The_Tent/Content/StarterContent/Textures/T_Wood_Pine_N.uexp" 730
"D:/GitRepos/teamGameProduct1/game2/TeamGame2/The_Tent/Content/StarterContent/Textures/T_Perlin_Noise_M.ubulk" 731
"D:/GitRepos/teamGameProduct1/game2/TeamGame2/The_Tent/Content/StarterContent/Textures/T_Perlin_Noise_M.uasset" 732
"D:/GitRepos/teamGameProduct1/game2/TeamGame2/The_Tent/Content/StarterContent/Textures/T_Perlin_Noise_M.uexp" 733
"D:/GitRepos/teamGameProduct1/game2/TeamGame2/The_Tent/Content/StarterContent/Textures/T_MacroVariation.uasset" 734
"D:/GitRepos/teamGameProduct1/game2/TeamGame2/The_Tent/Content/StarterContent/Textures/T_MacroVariation.uexp" 735
"D:/GitRepos/teamGameProduct1/game2/TeamGame2/The_Tent/Content/StarterContent/Materials/M_Wood_Pine.uasset" 736
"D:/GitRepos/teamGameProduct1/game2/TeamGame2/The_Tent/Content/StarterContent/Materials/M_Wood_Pine.uexp" 737
"D:/GitRepos/teamGameProduct1/game2/TeamGame2/The_Tent/Content/StarterContent/Textures/T_Fire_Tiled_D.ubulk" 738
"D:/GitRepos/teamGameProduct1/game2/TeamGame2/The_Tent/Content/StarterContent/Textures/T_Fire_Tiled_D.uasset" 739
"D:/GitRepos/teamGameProduct1/game2/TeamGame2/The_Tent/Content/StarterContent/Textures/T_Fire_Tiled_D.uexp" 740
"D:/GitRepos/teamGameProduct1/game2/TeamGame2/The_Tent/Content/StarterContent/Textures/T_Fire_SubUV.ubulk" 741
"D:/GitRepos/teamGameProduct1/game2/TeamGame2/The_Tent/Content/StarterContent/Textures/T_Fire_SubUV.uasset" 742
"D:/GitRepos/teamGameProduct1/game2/TeamGame2/The_Tent/Content/StarterContent/Textures/T_Fire_SubUV.uexp" 743
"D:/GitRepos/teamGameProduct1/game2/TeamGame2/The_Tent/Content/StarterContent/Particles/Materials/M_Fire_SubUV.uasset" 744
"D:/GitRepos/teamGameProduct1/game2/TeamGame2/The_Tent/Content/StarterContent/Particles/Materials/M_Fire_SubUV.uexp" 745
"D:/GitRepos/teamGameProduct1/game2/TeamGame2/The_Tent/Content/StarterContent/Textures/T_Smoke_SubUV.ubulk" 746
"D:/GitRepos/teamGameProduct1/game2/TeamGame2/The_Tent/Content/StarterContent/Textures/T_Smoke_SubUV.uasset" 747
"D:/GitRepos/teamGameProduct1/game2/TeamGame2/The_Tent/Content/StarterContent/Textures/T_Smoke_SubUV.uexp" 748
"D:/GitRepos/teamGameProduct1/game2/TeamGame2/The_Tent/Content/StarterContent/Textures/T_Smoke_Tiled_D.ubulk" 749
"D:/GitRepos/teamGameProduct1/game2/TeamGame2/The_Tent/Content/StarterContent/Textures/T_Smoke_Tiled_D.uasset" 750
"D:/GitRepos/teamGameProduct1/game2/TeamGame2/The_Tent/Content/StarterContent/Textures/T_Smoke_Tiled_D.uexp" 751
"D:/GitRepos/teamGameProduct1/game2/TeamGame2/The_Tent/Content/StarterContent/Particles/Materials/M_smoke_subUV.uasset" 752
"D:/GitRepos/teamGameProduct1/game2/TeamGame2/The_Tent/Content/StarterContent/Particles/Materials/M_smoke_subUV.uexp" 753
"D:/GitRepos/teamGameProduct1/game2/TeamGame2/The_Tent/Content/StarterContent/Textures/T_Water_N.ubulk" 754
"D:/GitRepos/teamGameProduct1/game2/TeamGame2/The_Tent/Content/StarterContent/Textures/T_Water_N.uasset" 755
"D:/GitRepos/teamGameProduct1/game2/TeamGame2/The_Tent/Content/StarterContent/Textures/T_Water_N.uexp" 756
"D:/GitRepos/teamGameProduct1/game2/TeamGame2/The_Tent/Content/StarterContent/Particles/Materials/M_Heat_Distortion.uasset" 757
"D:/GitRepos/teamGameProduct1/game2/TeamGame2/The_Tent/Content/StarterContent/Particles/Materials/M_Heat_Distortion.uexp" 758
"../../../Engine/Content/Functions/Engine_MaterialFunctions01/Gradient/RadialGradient.uasset" 759
"../../../Engine/Content/Functions/Engine_MaterialFunctions01/Gradient/RadialGradient.uexp" 760
"D:/GitRepos/teamGameProduct1/game2/TeamGame2/The_Tent/Content/StarterContent/Particles/Materials/M_Radial_Gradient.uasset" 761
"D:/GitRepos/teamGameProduct1/game2/TeamGame2/The_Tent/Content/StarterContent/Particles/Materials/M_Radial_Gradient.uexp" 762
"D:/GitRepos/teamGameProduct1/game2/TeamGame2/The_Tent/Content/StarterContent/Particles/P_Fire.uasset" 763
"D:/GitRepos/teamGameProduct1/game2/TeamGame2/The_Tent/Content/StarterContent/Particles/P_Fire.uexp" 764
"D:/GitRepos/teamGameProduct1/game2/TeamGame2/The_Tent/Content/StarterContent/Textures/T_Ground_Gravel_N.ubulk" 765
"D:/GitRepos/teamGameProduct1/game2/TeamGame2/The_Tent/Content/StarterContent/Textures/T_Ground_Gravel_N.uasset" 766
"D:/GitRepos/teamGameProduct1/game2/TeamGame2/The_Tent/Content/StarterContent/Textures/T_Ground_Gravel_N.uexp" 767
"D:/GitRepos/teamGameProduct1/game2/TeamGame2/The_Tent/Content/StarterContent/Textures/T_Ground_Gravel_D.ubulk" 768
"D:/GitRepos/teamGameProduct1/game2/TeamGame2/The_Tent/Content/StarterContent/Textures/T_Ground_Gravel_D.uasset" 769
"D:/GitRepos/teamGameProduct1/game2/TeamGame2/The_Tent/Content/StarterContent/Textures/T_Ground_Gravel_D.uexp" 770
"D:/GitRepos/teamGameProduct1/game2/TeamGame2/The_Tent/Content/StarterContent/Materials/M_Ground_Gravel.uasset" 771
"D:/GitRepos/teamGameProduct1/game2/TeamGame2/The_Tent/Content/StarterContent/Materials/M_Ground_Gravel.uexp" 772
"../../../Engine/Content/BasicShapes/Cube.uasset" 773
"../../../Engine/Content/BasicShapes/Cube.uexp" 774
"D:/GitRepos/teamGameProduct1/game2/TeamGame2/The_Tent/Content/StarterContent/Textures/T_Wood_Walnut_N.ubulk" 775
"D:/GitRepos/teamGameProduct1/game2/TeamGame2/The_Tent/Content/StarterContent/Textures/T_Wood_Walnut_N.uasset" 776
"D:/GitRepos/teamGameProduct1/game2/TeamGame2/The_Tent/Content/StarterContent/Textures/T_Wood_Walnut_N.uexp" 777
"D:/GitRepos/teamGameProduct1/game2/TeamGame2/The_Tent/Content/StarterContent/Textures/T_Wood_Walnut_D.ubulk" 778
"D:/GitRepos/teamGameProduct1/game2/TeamGame2/The_Tent/Content/StarterContent/Textures/T_Wood_Walnut_D.uasset" 779
"D:/GitRepos/teamGameProduct1/game2/TeamGame2/The_Tent/Content/StarterContent/Textures/T_Wood_Walnut_D.uexp" 780
"D:/GitRepos/teamGameProduct1/game2/TeamGame2/The_Tent/Content/StarterContent/Materials/M_Wood_Walnut.uasset" 781
"D:/GitRepos/teamGameProduct1/game2/TeamGame2/The_Tent/Content/StarterContent/Materials/M_Wood_Walnut.uexp" 782
"../../../Engine/Content/Functions/Engine_MaterialFunctions02/Utility/BlendAngleCorrectedNormals.uasset" 783
"../../../Engine/Content/Functions/Engine_MaterialFunctions02/Utility/BlendAngleCorrectedNormals.uexp" 784
"D:/GitRepos/teamGameProduct1/game2/TeamGame2/The_Tent/Content/StarterContent/Textures/T_Water_M.ubulk" 785
"D:/GitRepos/teamGameProduct1/game2/TeamGame2/The_Tent/Content/StarterContent/Textures/T_Water_M.uasset" 786
"D:/GitRepos/teamGameProduct1/game2/TeamGame2/The_Tent/Content/StarterContent/Textures/T_Water_M.uexp" 787
"D:/GitRepos/teamGameProduct1/game2/TeamGame2/The_Tent/Content/StarterContent/Materials/M_Water_Ocean.uasset" 788
"D:/GitRepos/teamGameProduct1/game2/TeamGame2/The_Tent/Content/StarterContent/Materials/M_Water_Ocean.uexp" 789
"../../../Engine/Plugins/Runtime/OpenXR/Content/Devices/OculusTouch_v2/BaseTexture.ubulk" 790
"../../../Engine/Plugins/Runtime/OpenXR/Content/Devices/OculusTouch_v2/BaseTexture.uasset" 791
"../../../Engine/Plugins/Runtime/OpenXR/Content/Devices/OculusTouch_v2/BaseTexture.uexp" 792
"../../../Engine/Plugins/Runtime/OpenXR/Content/Devices/OculusTouch_v2/MRTexture.ubulk" 793
"../../../Engine/Plugins/Runtime/OpenXR/Content/Devices/OculusTouch_v2/MRTexture.uasset" 794
"../../../Engine/Plugins/Runtime/OpenXR/Content/Devices/OculusTouch_v2/MRTexture.uexp" 795
"../../../Engine/Plugins/Runtime/OpenXR/Content/Devices/OculusTouch_v2/MI_OculusTouch_v2.uasset" 796
"../../../Engine/Plugins/Runtime/OpenXR/Content/Devices/OculusTouch_v2/MI_OculusTouch_v2.uexp" 797
"../../../Engine/Plugins/Runtime/OpenXR/Content/Devices/OculusTouch_v2/Right/right_OculusTouch_v2Controller.uasset" 798
"../../../Engine/Plugins/Runtime/OpenXR/Content/Devices/OculusTouch_v2/Right/right_OculusTouch_v2Controller.uexp" 799
"../../../Engine/Plugins/Runtime/OpenXR/Content/Devices/OculusTouch_v2/Left/left_OculusTouch_v2Controller.uasset" 800
"../../../Engine/Plugins/Runtime/OpenXR/Content/Devices/OculusTouch_v2/Left/left_OculusTouch_v2Controller.uexp" 801
"D:/GitRepos/teamGameProduct1/game2/TeamGame2/The_Tent/Content/VRTemplate/Blueprints/VRInteractionBPI.uasset" 802
"D:/GitRepos/teamGameProduct1/game2/TeamGame2/The_Tent/Content/VRTemplate/Blueprints/VRInteractionBPI.uexp" 803
"D:/GitRepos/teamGameProduct1/game2/TeamGame2/The_Tent/Content/VRTemplate/Haptics/GrabHapticEffect.uasset" 804
"D:/GitRepos/teamGameProduct1/game2/TeamGame2/The_Tent/Content/VRTemplate/Haptics/GrabHapticEffect.uexp" 805
"D:/GitRepos/teamGameProduct1/game2/TeamGame2/The_Tent/Content/VRTemplate/Blueprints/GrabType.uasset" 806
"D:/GitRepos/teamGameProduct1/game2/TeamGame2/The_Tent/Content/VRTemplate/Blueprints/GrabType.uexp" 807
"D:/GitRepos/teamGameProduct1/game2/TeamGame2/The_Tent/Content/VRTemplate/Blueprints/GrabComponent.uasset" 808
"D:/GitRepos/teamGameProduct1/game2/TeamGame2/The_Tent/Content/VRTemplate/Blueprints/GrabComponent.uexp" 809
"../../../Engine/Plugins/FX/Niagara/Content/Enums/ENiagara_MassInitializationMode.uasset" 810
"../../../Engine/Plugins/FX/Niagara/Content/Enums/ENiagara_MassInitializationMode.uexp" 811
"../../../Engine/Plugins/FX/Niagara/Content/Enums/ENiagaraRandomnessMode.uasset" 812
"../../../Engine/Plugins/FX/Niagara/Content/Enums/ENiagaraRandomnessMode.uexp" 813
"../../../Engine/Plugins/FX/Niagara/Content/Enums/ENiagaraRandomnessEvaluation.uasset" 814
"../../../Engine/Plugins/FX/Niagara/Content/Enums/ENiagaraRandomnessEvaluation.uexp" 815
"../../../Engine/Plugins/FX/Niagara/Content/Functions/V2/CalculateRandomRangeInteger.uasset" 816
"../../../Engine/Plugins/FX/Niagara/Content/Functions/V2/CalculateRandomRangeInteger.uexp" 817
"../../../Engine/Plugins/FX/Niagara/Content/Enums/ENiagaraArraySamplingMode.uasset" 818
"../../../Engine/Plugins/FX/Niagara/Content/Enums/ENiagaraArraySamplingMode.uexp" 819
"../../../Engine/Plugins/FX/Niagara/Content/Enums/ENiagara_WrapClamp.uasset" 820
"../../../Engine/Plugins/FX/Niagara/Content/Enums/ENiagara_WrapClamp.uexp" 821
"../../../Engine/Plugins/FX/Niagara/Content/DynamicInputs/Arrays/SelectVectorFromArray.uasset" 822
"../../../Engine/Plugins/FX/Niagara/Content/DynamicInputs/Arrays/SelectVectorFromArray.uexp" 823
"../../../Engine/Plugins/FX/Niagara/Content/Enums/ENiagara_PositionInitializationMode.uasset" 824
"../../../Engine/Plugins/FX/Niagara/Content/Enums/ENiagara_PositionInitializationMode.uexp" 825
"../../../Engine/Plugins/FX/Niagara/Content/DynamicInputs/Multiply/Multiply_VectorByFloat.uasset" 826
"../../../Engine/Plugins/FX/Niagara/Content/DynamicInputs/Multiply/Multiply_VectorByFloat.uexp" 827
"../../../Engine/Plugins/FX/Niagara/Content/DynamicInputs/Execution/ReturnExecIndex.uasset" 828
"../../../Engine/Plugins/FX/Niagara/Content/DynamicInputs/Execution/ReturnExecIndex.uexp" 829
"../../../Engine/Plugins/FX/Niagara/Content/Functions/NormalizedExecutionIndex.uasset" 830
"../../../Engine/Plugins/FX/Niagara/Content/Functions/NormalizedExecutionIndex.uexp" 831
"../../../Engine/Plugins/FX/Niagara/Content/DynamicInputs/Execution/ReturnNormalizedExecIndex.uasset" 832
"../../../Engine/Plugins/FX/Niagara/Content/DynamicInputs/Execution/ReturnNormalizedExecIndex.uexp" 833
"../../../Engine/Plugins/FX/Niagara/Content/Enums/ENiagara_LifetimeMode.uasset" 834
"../../../Engine/Plugins/FX/Niagara/Content/Enums/ENiagara_LifetimeMode.uexp" 835
"../../../Engine/Plugins/FX/Niagara/Content/Enums/ENiagaraEmitterLifeCycleMode.uasset" 836
"../../../Engine/Plugins/FX/Niagara/Content/Enums/ENiagaraEmitterLifeCycleMode.uexp" 837
"../../../Engine/Plugins/FX/Niagara/Content/Functions/Emitter/EmitterChangeState.uasset" 838
"../../../Engine/Plugins/FX/Niagara/Content/Functions/Emitter/EmitterChangeState.uexp" 839
"../../../Engine/Plugins/FX/Niagara/Content/Enums/ENiagara_InfiniteLoopDuration.uasset" 840
"../../../Engine/Plugins/FX/Niagara/Content/Enums/ENiagara_InfiniteLoopDuration.uexp" 841
"../../../Engine/Plugins/FX/Niagara/Content/Enums/ENiagara_EmitterStateOptions.uasset" 842
"../../../Engine/Plugins/FX/Niagara/Content/Enums/ENiagara_EmitterStateOptions.uexp" 843
"../../../Engine/Plugins/FX/Niagara/Content/Enums/ENiagaraInactiveMode.uasset" 844
"../../../Engine/Plugins/FX/Niagara/Content/Enums/ENiagaraInactiveMode.uexp" 845
"../../../Engine/Plugins/FX/Niagara/Content/Enums/ENiagaraExecutionStateManagement.uasset" 846
"../../../Engine/Plugins/FX/Niagara/Content/Enums/ENiagaraExecutionStateManagement.uexp" 847
"../../../Engine/Plugins/FX/Niagara/Content/Enums/ENiagaraEmitterScalabilityMode_Limited.uasset" 848
"../../../Engine/Plugins/FX/Niagara/Content/Enums/ENiagaraEmitterScalabilityMode_Limited.uexp" 849
"../../../Engine/Plugins/FX/Niagara/Content/Modules/Emitter/EmitterState.uasset" 850
"../../../Engine/Plugins/FX/Niagara/Content/Modules/Emitter/EmitterState.uexp" 851
"../../../Engine/Plugins/FX/Niagara/Content/Functions/V2/CalculateRandomRangeFloat.uasset" 852
"../../../Engine/Plugins/FX/Niagara/Content/Functions/V2/CalculateRandomRangeFloat.uexp" 853
"../../../Engine/Plugins/FX/Niagara/Content/Modules/Emitter/SpawnBurst_Instantaneous.uasset" 854
"../../../Engine/Plugins/FX/Niagara/Content/Modules/Emitter/SpawnBurst_Instantaneous.uexp" 855
"../../../Engine/Plugins/FX/Niagara/Content/DynamicInputs/Multiply/Multiply_Vector.uasset" 856
"../../../Engine/Plugins/FX/Niagara/Content/DynamicInputs/Multiply/Multiply_Vector.uexp" 857
"../../../Engine/Plugins/FX/Niagara/Content/Functions/GetRandomInfo.uasset" 858
"../../../Engine/Plugins/FX/Niagara/Content/Functions/GetRandomInfo.uexp" 859
"../../../Engine/Plugins/FX/Niagara/Content/Functions/RandomRangeFloat.uasset" 860
"../../../Engine/Plugins/FX/Niagara/Content/Functions/RandomRangeFloat.uexp" 861
"../../../Engine/Plugins/FX/Niagara/Content/Functions/Localspace/SimulationPosition.uasset" 862
"../../../Engine/Plugins/FX/Niagara/Content/Functions/Localspace/SimulationPosition.uexp" 863
"../../../Engine/Plugins/FX/Niagara/Content/Functions/Localspace/TransformBase.uasset" 864
"../../../Engine/Plugins/FX/Niagara/Content/Functions/Localspace/TransformBase.uexp" 865
"../../../Engine/Plugins/FX/Niagara/Content/Functions/Localspace/TransformVector.uasset" 866
"../../../Engine/Plugins/FX/Niagara/Content/Functions/Localspace/TransformVector.uexp" 867
"../../../Engine/Plugins/FX/Niagara/Content/Functions/V2/CalculateRandomRange.uasset" 868
"../../../Engine/Plugins/FX/Niagara/Content/Functions/V2/CalculateRandomRange.uexp" 869
"../../../Engine/Plugins/FX/Niagara/Content/Enums/Ribbons/ENiagara_UnsetDirectSet.uasset" 870
"../../../Engine/Plugins/FX/Niagara/Content/Enums/Ribbons/ENiagara_UnsetDirectSet.uexp" 871
"../../../Engine/Plugins/FX/Niagara/Content/Enums/ENiagara_ColorInitializationMode.uasset" 872
"../../../Engine/Plugins/FX/Niagara/Content/Enums/ENiagara_ColorInitializationMode.uexp" 873
"../../../Engine/Plugins/FX/Niagara/Content/Functions/LinearColor/HueShiftLinearColor.uasset" 874
"../../../Engine/Plugins/FX/Niagara/Content/Functions/LinearColor/HueShiftLinearColor.uexp" 875
"../../../Engine/Plugins/FX/Niagara/Content/Enums/ENiagaraChannelCorrelation.uasset" 876
"../../../Engine/Plugins/FX/Niagara/Content/Enums/ENiagaraChannelCorrelation.uexp" 877
"../../../Engine/Plugins/FX/Niagara/Content/Modules/Spawn/Initialization/InitializeRibbon.uasset" 878
"../../../Engine/Plugins/FX/Niagara/Content/Modules/Spawn/Initialization/InitializeRibbon.uexp" 879
"../../../Engine/Plugins/FX/Niagara/Content/Enums/ENiagaraSystemInactiveMode.uasset" 880
"../../../Engine/Plugins/FX/Niagara/Content/Enums/ENiagaraSystemInactiveMode.uexp" 881
"../../../Engine/Plugins/FX/Niagara/Content/Functions/System/SystemChangeState.uasset" 882
"../../../Engine/Plugins/FX/Niagara/Content/Functions/System/SystemChangeState.uexp" 883
"../../../Engine/Plugins/FX/Niagara/Content/Modules/System/SystemState.uasset" 884
"../../../Engine/Plugins/FX/Niagara/Content/Modules/System/SystemState.uexp" 885
"D:/GitRepos/teamGameProduct1/game2/TeamGame2/The_Tent/Content/VRTemplate/VFX/NPC_VRTemplate.uasset" 886
"D:/GitRepos/teamGameProduct1/game2/TeamGame2/The_Tent/Content/VRTemplate/VFX/NPC_VRTemplate.uexp" 887
"../../../Engine/Content/EngineMaterials/Good64x64TilingNoiseHighFreq.uasset" 888
"../../../Engine/Content/EngineMaterials/Good64x64TilingNoiseHighFreq.uexp" 889
"../../../Engine/Content/Functions/Engine_MaterialFunctions02/Utility/DepthFromWorldPosition.uasset" 890
"../../../Engine/Content/Functions/Engine_MaterialFunctions02/Utility/DepthFromWorldPosition.uexp" 891
"D:/GitRepos/teamGameProduct1/game2/TeamGame2/The_Tent/Content/VRTemplate/Materials/Functions/MF_OccludedPixels.uasset" 892
"D:/GitRepos/teamGameProduct1/game2/TeamGame2/The_Tent/Content/VRTemplate/Materials/Functions/MF_OccludedPixels.uexp" 893
"D:/GitRepos/teamGameProduct1/game2/TeamGame2/The_Tent/Content/VRTemplate/Materials/M_TeleportNoise.uasset" 894
"D:/GitRepos/teamGameProduct1/game2/TeamGame2/The_Tent/Content/VRTemplate/Materials/M_TeleportNoise.uexp" 895
"../../../Engine/Plugins/FX/Niagara/Content/Functions/Math/SaturateFloat.uasset" 896
"../../../Engine/Plugins/FX/Niagara/Content/Functions/Math/SaturateFloat.uexp" 897
"../../../Engine/Plugins/FX/Niagara/Content/Icons/Modules/T_Icon_Particle_InfiniteLife.uasset" 898
"../../../Engine/Plugins/FX/Niagara/Content/Icons/Modules/T_Icon_Particle_InfiniteLife.uexp" 899
"../../../Engine/Plugins/FX/Niagara/Content/Modules/Update/Lifetime/ParticleState.uasset" 900
"../../../Engine/Plugins/FX/Niagara/Content/Modules/Update/Lifetime/ParticleState.uexp" 901
"D:/GitRepos/teamGameProduct1/game2/TeamGame2/The_Tent/Content/VRTemplate/VFX/NS_PlayAreaBounds.uasset" 902
"D:/GitRepos/teamGameProduct1/game2/TeamGame2/The_Tent/Content/VRTemplate/VFX/NS_PlayAreaBounds.uexp" 903
"../../../Engine/Plugins/FX/Niagara/Content/Enums/ENiagaraTorusDistributionMode.uasset" 904
"../../../Engine/Plugins/FX/Niagara/Content/Enums/ENiagaraTorusDistributionMode.uexp" 905
"../../../Engine/Plugins/FX/Niagara/Content/Enums/ENiagaraTorusMode.uasset" 906
"../../../Engine/Plugins/FX/Niagara/Content/Enums/ENiagaraTorusMode.uexp" 907
"../../../Engine/Plugins/FX/Niagara/Content/Enums/ENiagara_SizeScaleMode.uasset" 908
"../../../Engine/Plugins/FX/Niagara/Content/Enums/ENiagara_SizeScaleMode.uexp" 909
"../../../Engine/Plugins/FX/Niagara/Content/Enums/ENiagara_UVFlippingMode.uasset" 910
"../../../Engine/Plugins/FX/Niagara/Content/Enums/ENiagara_UVFlippingMode.uexp" 911
"../../../Engine/Plugins/FX/Niagara/Content/Enums/Ribbons/ENiagara_UnsetDirectSetRandom.uasset" 912
"../../../Engine/Plugins/FX/Niagara/Content/Enums/Ribbons/ENiagara_UnsetDirectSetRandom.uexp" 913
"../../../Engine/Plugins/FX/Niagara/Content/Functions/V2/CalculateRandomBool.uasset" 914
"../../../Engine/Plugins/FX/Niagara/Content/Functions/V2/CalculateRandomBool.uexp" 915
"../../../Engine/Plugins/FX/Niagara/Content/Enums/ENiagara_SpriteRotationMode.uasset" 916
"../../../Engine/Plugins/FX/Niagara/Content/Enums/ENiagara_SpriteRotationMode.uexp" 917
"../../../Engine/Plugins/FX/Niagara/Content/Modules/Spawn/Initialization/V2/InitializeParticle.uasset" 918
"../../../Engine/Plugins/FX/Niagara/Content/Modules/Spawn/Initialization/V2/InitializeParticle.uexp" 919
"D:/GitRepos/teamGameProduct1/game2/TeamGame2/The_Tent/Content/VRTemplate/Materials/M_TeleportCylinder.uasset" 920
"D:/GitRepos/teamGameProduct1/game2/TeamGame2/The_Tent/Content/VRTemplate/Materials/M_TeleportCylinder.uexp" 921
"../../../Engine/Content/BasicShapes/Cylinder.uasset" 922
"../../../Engine/Content/BasicShapes/Cylinder.uexp" 923
"../../../Engine/Plugins/FX/Niagara/Content/Functions/DirectionAndLengthSafe.uasset" 924
"../../../Engine/Plugins/FX/Niagara/Content/Functions/DirectionAndLengthSafe.uexp" 925
"../../../Engine/Plugins/FX/Niagara/Content/Functions/Rotation/MultiplyVectorWithQuaternion.uasset" 926
"../../../Engine/Plugins/FX/Niagara/Content/Functions/Rotation/MultiplyVectorWithQuaternion.uexp" 927
"../../../Engine/Plugins/FX/Niagara/Content/Functions/Rotation/MultiplyQuaternion.uasset" 928
"../../../Engine/Plugins/FX/Niagara/Content/Functions/Rotation/MultiplyQuaternion.uexp" 929
"../../../Engine/Plugins/FX/Niagara/Content/Functions/RandomRange.uasset" 930
"../../../Engine/Plugins/FX/Niagara/Content/Functions/RandomRange.uexp" 931
"../../../Engine/Plugins/FX/Niagara/Content/Functions/Rotation/FindQuatBetween.uasset" 932
"../../../Engine/Plugins/FX/Niagara/Content/Functions/Rotation/FindQuatBetween.uexp" 933
"../../../Engine/Plugins/FX/Niagara/Content/Enums/ENiagaraVector4_Channels.uasset" 934
"../../../Engine/Plugins/FX/Niagara/Content/Enums/ENiagaraVector4_Channels.uexp" 935
"../../../Engine/Plugins/FX/Niagara/Content/Functions/ChannelMasks/SelectV4Channel.uasset" 936
"../../../Engine/Plugins/FX/Niagara/Content/Functions/ChannelMasks/SelectV4Channel.uexp" 937
"../../../Engine/Plugins/FX/Niagara/Content/Functions/Localspace/PositionToVector.uasset" 938
"../../../Engine/Plugins/FX/Niagara/Content/Functions/Localspace/PositionToVector.uexp" 939
"../../../Engine/Plugins/FX/Niagara/Content/Functions/ParametricTorusKnot.uasset" 940
"../../../Engine/Plugins/FX/Niagara/Content/Functions/ParametricTorusKnot.uexp" 941
"../../../Engine/Plugins/FX/Niagara/Content/Functions/PolarToCartesianCoordinates.uasset" 942
"../../../Engine/Plugins/FX/Niagara/Content/Functions/PolarToCartesianCoordinates.uexp" 943
"../../../Engine/Plugins/FX/Niagara/Content/Functions/ParametricTorus.uasset" 944
"../../../Engine/Plugins/FX/Niagara/Content/Functions/ParametricTorus.uexp" 945
"../../../Engine/Plugins/FX/Niagara/Content/Functions/Rotation/AxisAngleToQuaternion.uasset" 946
"../../../Engine/Plugins/FX/Niagara/Content/Functions/Rotation/AxisAngleToQuaternion.uexp" 947
"../../../Engine/Plugins/FX/Niagara/Content/Modules/Spawn/Location/TorusLocation.uasset" 948
"../../../Engine/Plugins/FX/Niagara/Content/Modules/Spawn/Location/TorusLocation.uexp" 949
"D:/GitRepos/teamGameProduct1/game2/TeamGame2/The_Tent/Content/VRTemplate/VFX/NS_TeleportRing.uasset" 950
"D:/GitRepos/teamGameProduct1/game2/TeamGame2/The_Tent/Content/VRTemplate/VFX/NS_TeleportRing.uexp" 951
"D:/GitRepos/teamGameProduct1/game2/TeamGame2/The_Tent/Content/VRTemplate/Blueprints/VRTeleportVisualizer.uasset" 952
"D:/GitRepos/teamGameProduct1/game2/TeamGame2/The_Tent/Content/VRTemplate/Blueprints/VRTeleportVisualizer.uexp" 953
"../../../Engine/Plugins/FX/Niagara/Content/DynamicInputs/Helpers/SimulationPosition.uasset" 954
"../../../Engine/Plugins/FX/Niagara/Content/DynamicInputs/Helpers/SimulationPosition.uexp" 955
"../../../Engine/Plugins/FX/Niagara/Content/Functions/Localspace/TransformPosition.uasset" 956
"../../../Engine/Plugins/FX/Niagara/Content/Functions/Localspace/TransformPosition.uexp" 957
"../../../Engine/Plugins/FX/Niagara/Content/Modules/Beams/BeamEmitterSetup.uasset" 958
"../../../Engine/Plugins/FX/Niagara/Content/Modules/Beams/BeamEmitterSetup.uexp" 959
"../../../Engine/Plugins/FX/Niagara/Content/Modules/Spawn/Initialization/InitializeParticle.uasset" 960
"../../../Engine/Plugins/FX/Niagara/Content/Modules/Spawn/Initialization/InitializeParticle.uexp" 961
"../../../Engine/Plugins/FX/Niagara/Content/Icons/Modules/T_Icon_Solver_LimitSpeed.uasset" 962
"../../../Engine/Plugins/FX/Niagara/Content/Icons/Modules/T_Icon_Solver_LimitSpeed.uexp" 963
"../../../Engine/Plugins/FX/Niagara/Content/Modules/Solvers/ApplyRotationVector.uasset" 964
"../../../Engine/Plugins/FX/Niagara/Content/Modules/Solvers/ApplyRotationVector.uexp" 965
"../../../Engine/Plugins/FX/Niagara/Content/Icons/Modules/T_Icon_Solver_RotationalSolve.uasset" 966
"../../../Engine/Plugins/FX/Niagara/Content/Icons/Modules/T_Icon_Solver_RotationalSolve.uexp" 967
"../../../Engine/Plugins/FX/Niagara/Content/Icons/Modules/T_Icon_Solver_LimitAccel.uasset" 968
"../../../Engine/Plugins/FX/Niagara/Content/Icons/Modules/T_Icon_Solver_LimitAccel.uexp" 969
"../../../Engine/Plugins/FX/Niagara/Content/Modules/Solvers/SolveForcesAndVelocity.uasset" 970
"../../../Engine/Plugins/FX/Niagara/Content/Modules/Solvers/SolveForcesAndVelocity.uexp" 971
"../../../Engine/Plugins/FX/Niagara/Content/Functions/Spline/FindPositionOnBezierSpline.uasset" 972
"../../../Engine/Plugins/FX/Niagara/Content/Functions/Spline/FindPositionOnBezierSpline.uexp" 973
"../../../Engine/Plugins/FX/Niagara/Content/Modules/Beams/SpawnBeam.uasset" 974
"../../../Engine/Plugins/FX/Niagara/Content/Modules/Beams/SpawnBeam.uexp" 975
"../../../Engine/Plugins/FX/Niagara/Content/Modules/Beams/BeamWidth.uasset" 976
"../../../Engine/Plugins/FX/Niagara/Content/Modules/Beams/BeamWidth.uexp" 977
"D:/GitRepos/teamGameProduct1/game2/TeamGame2/The_Tent/Content/VRTemplate/Materials/DefaultRibbonMaterial_NoGradient.uasset" 978
"D:/GitRepos/teamGameProduct1/game2/TeamGame2/The_Tent/Content/VRTemplate/Materials/DefaultRibbonMaterial_NoGradient.uexp" 979
"../../../Engine/Plugins/FX/Niagara/Content/DynamicInputs/ValueFromCurve/FloatFromCurve.uasset" 980
"../../../Engine/Plugins/FX/Niagara/Content/DynamicInputs/ValueFromCurve/FloatFromCurve.uexp" 981
"../../../Engine/Plugins/FX/Niagara/Content/Modules/Update/Color/Color.uasset" 982
"../../../Engine/Plugins/FX/Niagara/Content/Modules/Update/Color/Color.uexp" 983
"../../../Engine/Plugins/FX/Niagara/Content/DynamicInputs/ValueFromCurve/ColorFromCurve.uasset" 984
"../../../Engine/Plugins/FX/Niagara/Content/DynamicInputs/ValueFromCurve/ColorFromCurve.uexp" 985
"D:/GitRepos/teamGameProduct1/game2/TeamGame2/The_Tent/Content/VRTemplate/VFX/NS_TeleportTrace.uasset" 986
"D:/GitRepos/teamGameProduct1/game2/TeamGame2/The_Tent/Content/VRTemplate/VFX/NS_TeleportTrace.uexp" 987
"../../../Engine/Content/VREditor/Devices/Generic/GenericHMDMaterial.uasset" 988
"../../../Engine/Content/VREditor/Devices/Generic/GenericHMDMaterial.uexp" 989
"../../../Engine/Content/VREditor/Devices/Generic/GenericHMD.uasset" 990
"../../../Engine/Content/VREditor/Devices/Generic/GenericHMD.uexp" 991
"D:/GitRepos/teamGameProduct1/game2/TeamGame2/The_Tent/Content/VRTemplate/VFX/NS_MenuLaser.uasset" 992
"D:/GitRepos/teamGameProduct1/game2/TeamGame2/The_Tent/Content/VRTemplate/VFX/NS_MenuLaser.uexp" 993
"D:/GitRepos/teamGameProduct1/game2/TeamGame2/The_Tent/Content/VRTemplate/Blueprints/WidgetMenu.uasset" 994
"D:/GitRepos/teamGameProduct1/game2/TeamGame2/The_Tent/Content/VRTemplate/Blueprints/WidgetMenu.uexp" 995
"D:/GitRepos/teamGameProduct1/game2/TeamGame2/The_Tent/Content/VRTemplate/Materials/M_VRCursor.uasset" 996
"D:/GitRepos/teamGameProduct1/game2/TeamGame2/The_Tent/Content/VRTemplate/Materials/M_VRCursor.uexp" 997
"D:/GitRepos/teamGameProduct1/game2/TeamGame2/The_Tent/Content/VRTemplate/Blueprints/Menu.uasset" 998
"D:/GitRepos/teamGameProduct1/game2/TeamGame2/The_Tent/Content/VRTemplate/Blueprints/Menu.uexp" 999
"D:/GitRepos/teamGameProduct1/game2/TeamGame2/The_Tent/Content/VRTemplate/Blueprints/VRPawn.uasset" 1000
"D:/GitRepos/teamGameProduct1/game2/TeamGame2/The_Tent/Content/VRTemplate/Blueprints/VRPawn.uexp" 1001
"D:/GitRepos/teamGameProduct1/game2/TeamGame2/The_Tent/Content/VRTemplate/Blueprints/VRGameMode.uasset" 1002
"D:/GitRepos/teamGameProduct1/game2/TeamGame2/The_Tent/Content/VRTemplate/Blueprints/VRGameMode.uexp" 1003
"../../../Engine/Content/BasicShapes/BasicShapeMaterial.uasset" 1004
"../../../Engine/Content/BasicShapes/BasicShapeMaterial.uexp" 1005
"D:/GitRepos/teamGameProduct1/game2/TeamGame2/The_Tent/Content/StarterContent/Textures/T_ground_Moss_D.ubulk" 1006
"D:/GitRepos/teamGameProduct1/game2/TeamGame2/The_Tent/Content/StarterContent/Textures/T_ground_Moss_D.uasset" 1007
"D:/GitRepos/teamGameProduct1/game2/TeamGame2/The_Tent/Content/StarterContent/Textures/T_ground_Moss_D.uexp" 1008
"D:/GitRepos/teamGameProduct1/game2/TeamGame2/The_Tent/Content/StarterContent/Textures/T_Ground_Moss_N.ubulk" 1009
"D:/GitRepos/teamGameProduct1/game2/TeamGame2/The_Tent/Content/StarterContent/Textures/T_Ground_Moss_N.uasset" 1010
"D:/GitRepos/teamGameProduct1/game2/TeamGame2/The_Tent/Content/StarterContent/Textures/T_Ground_Moss_N.uexp" 1011
"D:/GitRepos/teamGameProduct1/game2/TeamGame2/The_Tent/Content/StarterContent/Materials/M_Ground_Moss.uasset" 1012
"D:/GitRepos/teamGameProduct1/game2/TeamGame2/The_Tent/Content/StarterContent/Materials/M_Ground_Moss.uexp" 1013
"D:/GitRepos/teamGameProduct1/game2/TeamGame2/The_Tent/Content/StarterContent/Materials/M_Basic_Wall.uasset" 1014
"D:/GitRepos/teamGameProduct1/game2/TeamGame2/The_Tent/Content/StarterContent/Materials/M_Basic_Wall.uexp" 1015
"D:/GitRepos/teamGameProduct1/game2/TeamGame2/The_Tent/Content/StarterContent/Textures/T_Ground_Grass_D.ubulk" 1016
"D:/GitRepos/teamGameProduct1/game2/TeamGame2/The_Tent/Content/StarterContent/Textures/T_Ground_Grass_D.uasset" 1017
"D:/GitRepos/teamGameProduct1/game2/TeamGame2/The_Tent/Content/StarterContent/Textures/T_Ground_Grass_D.uexp" 1018
"D:/GitRepos/teamGameProduct1/game2/TeamGame2/The_Tent/Content/StarterContent/Textures/T_Ground_Grass_N.ubulk" 1019
"D:/GitRepos/teamGameProduct1/game2/TeamGame2/The_Tent/Content/StarterContent/Textures/T_Ground_Grass_N.uasset" 1020
"D:/GitRepos/teamGameProduct1/game2/TeamGame2/The_Tent/Content/StarterContent/Textures/T_Ground_Grass_N.uexp" 1021
"D:/GitRepos/teamGameProduct1/game2/TeamGame2/The_Tent/Content/StarterContent/Materials/M_Ground_Grass.uasset" 1022
"D:/GitRepos/teamGameProduct1/game2/TeamGame2/The_Tent/Content/StarterContent/Materials/M_Ground_Grass.uexp" 1023
"../../../Engine/Content/BasicShapes/Cone.uasset" 1024
"../../../Engine/Content/BasicShapes/Cone.uexp" 1025
"D:/GitRepos/teamGameProduct1/game2/TeamGame2/The_Tent/Content/VRSpectator/RT_VRSpectator.uasset" 1026
"D:/GitRepos/teamGameProduct1/game2/TeamGame2/The_Tent/Content/VRSpectator/RT_VRSpectator.uexp" 1027
"../../../Engine/Content/EditorResources/MatineeCam_D.uasset" 1028
"../../../Engine/Content/EditorResources/MatineeCam_D.uexp" 1029
"../../../Engine/Content/EditorMaterials/MatineeCam_mat.uasset" 1030
"../../../Engine/Content/EditorMaterials/MatineeCam_mat.uexp" 1031
"../../../Engine/Content/EditorMeshes/MatineeCam_SM.uasset" 1032
"../../../Engine/Content/EditorMeshes/MatineeCam_SM.uexp" 1033
"D:/GitRepos/teamGameProduct1/game2/TeamGame2/The_Tent/Content/VRSpectator/EVRSpectatorMode.uasset" 1034
"D:/GitRepos/teamGameProduct1/game2/TeamGame2/The_Tent/Content/VRSpectator/EVRSpectatorMode.uexp" 1035
"D:/GitRepos/teamGameProduct1/game2/TeamGame2/The_Tent/Content/VRSpectator/VRSpectator.uasset" 1036
"D:/GitRepos/teamGameProduct1/game2/TeamGame2/The_Tent/Content/VRSpectator/VRSpectator.uexp" 1037
"D:/GitRepos/teamGameProduct1/game2/TeamGame2/The_Tent/Content/VRTemplate/Maps/VRTemplateMap_BuiltData.ubulk" 1038
"D:/GitRepos/teamGameProduct1/game2/TeamGame2/The_Tent/Content/VRTemplate/Maps/VRTemplateMap_BuiltData.uasset" 1039
"D:/GitRepos/teamGameProduct1/game2/TeamGame2/The_Tent/Content/VRTemplate/Maps/VRTemplateMap_BuiltData.uexp" 1040
"D:/GitRepos/teamGameProduct1/game2/TeamGame2/The_Tent/Content/VRTemplate/Maps/VRTemplateMap.uexp" 1041
"D:/GitRepos/teamGameProduct1/game2/TeamGame2/The_Tent/Content/VRTemplate/Maps/VRTemplateMap.umap" 1042
